0 info it worked if it ends with ok
1 verbose cli [ 'node', '/usr/bin/npm', 'run', 'server' ]
2 info using npm@3.10.10
3 info using node@v0.8.20
4 verbose run-script [ 'preserver', 'server', 'postserver' ]
5 info lifecycle scippy@1.0.0~preserver: scippy@1.0.0
6 silly lifecycle scippy@1.0.0~preserver: no script for preserver, continuing
7 info lifecycle scippy@1.0.0~server: scippy@1.0.0
8 verbose lifecycle scippy@1.0.0~server: unsafe-perm in lifecycle true
9 verbose lifecycle scippy@1.0.0~server: PATH: /usr/lib/node_modules/npm/bin/node-gyp-bin:/home/miaot2/ScippyFrontend/node_modules/.bin:/usr/local/sbin:/usr/local/bin:/usr/sbin:/usr/bin:/sbin:/bin:/snap/bin
10 verbose lifecycle scippy@1.0.0~server: CWD: /home/miaot2/ScippyFrontend
11 silly lifecycle scippy@1.0.0~server: Args: [ '-c', 'webpack-dev-server' ]
12 silly lifecycle scippy@1.0.0~server: Returned: code: 1  signal: null
13 info lifecycle scippy@1.0.0~server: Failed to exec server script
14 verbose stack Error: scippy@1.0.0 server: `webpack-dev-server`
14 verbose stack Exit status 1
14 verbose stack     at EventEmitter.<anonymous> (/usr/lib/node_modules/npm/lib/utils/lifecycle.js:255:16)
14 verbose stack     at EventEmitter.emit (events.js:99:17)
14 verbose stack     at ChildProcess.<anonymous> (/usr/lib/node_modules/npm/lib/utils/spawn.js:40:14)
14 verbose stack     at ChildProcess.EventEmitter.emit (events.js:99:17)
14 verbose stack     at maybeClose (child_process.js:638:16)
14 verbose stack     at Process._handle.onexit (child_process.js:680:5)
15 verbose pkgid scippy@1.0.0
16 verbose cwd /home/miaot2/ScippyFrontend
17 error Linux 4.4.0-103-generic
18 error argv "node" "/usr/bin/npm" "run" "server"
19 error node v0.8.20
20 error npm  v3.10.10
21 error code ELIFECYCLE
22 error scippy@1.0.0 server: `webpack-dev-server`
22 error Exit status 1
23 error Failed at the scippy@1.0.0 server script 'webpack-dev-server'.
23 error Make sure you have the latest version of node.js and npm installed.
23 error If you do, this is most likely a problem with the scippy package,
23 error not with npm itself.
23 error Tell the author that this fails on your system:
23 error     webpack-dev-server
23 error You can get information on how to open an issue for this project with:
23 error     npm bugs scippy
23 error Or if that isn't available, you can get their info via:
23 error     npm owner ls scippy
23 error There is likely additional logging output above.
24 verbose exit [ 1, true ]
