INFO: 2020-02-28T14:46:28.660Z Tianyi Miao(250) GET `/api/v1/probes_overview`
INFO: 2020-02-28T14:46:28.665Z Tianyi Miao(250) GET `/api/v1/users_overview`
INFO: 2020-02-28T14:46:28.666Z Tianyi Miao(250) GET `/api/v1/protocols_overview`
INFO: 2020-02-28T14:46:28.678Z 250 Login
INFO: 2020-02-28T14:46:30.045Z Tianyi Miao(250) GET `/api/v1/projects_overview`
INFO: 2020-02-28T14:46:32.553Z Tianyi Miao(250) GET `/api/v1/project/13`
INFO: 2020-02-28T14:46:32.554Z Tianyi Miao(250) GET `/api/v1/experiments/13`
INFO: 2020-02-28T14:46:32.554Z Tianyi Miao(250) GET `/api/v1/project_users/13`
INFO: 2020-02-28T14:59:15.106Z Tianyi Miao(250) GET `/api/v1/projects_overview`
INFO: 2020-02-28T15:10:03.681Z Tianyi Miao(250) GET `/api/v1/project/287`
INFO: 2020-02-28T15:10:03.683Z Tianyi Miao(250) GET `/api/v1/experiments/287`
INFO: 2020-02-28T15:10:03.684Z Tianyi Miao(250) GET `/api/v1/project_users/287`
INFO: 2020-02-28T15:10:57.283Z Tianyi Miao(250) GET `/api/v1/probes_overview`
INFO: 2020-02-28T15:10:57.284Z Tianyi Miao(250) GET `/api/v1/users_overview`
INFO: 2020-02-28T15:10:57.285Z Tianyi Miao(250) GET `/api/v1/protocols_overview`
INFO: 2020-02-28T15:12:03.280Z Tianyi Miao(250) GET `/api/v1/probes_overview`
INFO: 2020-02-28T15:12:03.281Z Tianyi Miao(250) GET `/api/v1/users_overview`
INFO: 2020-02-28T15:12:03.281Z Tianyi Miao(250) GET `/api/v1/protocols_overview`
INFO: 2020-02-28T15:12:17.000Z Tianyi Miao(250) GET `/api/v1/probes_overview`
INFO: 2020-02-28T15:12:17.001Z Tianyi Miao(250) GET `/api/v1/users_overview`
INFO: 2020-02-28T15:12:17.002Z Tianyi Miao(250) GET `/api/v1/protocols_overview`
INFO: 2020-02-28T15:12:38.497Z Tianyi Miao(250) GET `/api/v1/probes_overview`
INFO: 2020-02-28T15:12:38.498Z Tianyi Miao(250) GET `/api/v1/users_overview`
INFO: 2020-02-28T15:12:38.499Z Tianyi Miao(250) GET `/api/v1/protocols_overview`
INFO: 2020-02-28T15:12:48.140Z Tianyi Miao(250) GET `/api/v1/probes_overview`
INFO: 2020-02-28T15:12:48.142Z Tianyi Miao(250) GET `/api/v1/users_overview`
INFO: 2020-02-28T15:12:48.142Z Tianyi Miao(250) GET `/api/v1/protocols_overview`
INFO: 2020-02-28T15:13:01.951Z Tianyi Miao(250) GET `/api/v1/probes_overview`
INFO: 2020-02-28T15:13:01.953Z Tianyi Miao(250) GET `/api/v1/users_overview`
INFO: 2020-02-28T15:13:01.953Z Tianyi Miao(250) GET `/api/v1/protocols_overview`
INFO: 2020-02-28T15:13:07.398Z Tianyi Miao(250) GET `/api/v1/projects_overview`
INFO: 2020-02-28T15:13:09.015Z Tianyi Miao(250) GET `/api/v1/project/13`
INFO: 2020-02-28T15:13:09.017Z Tianyi Miao(250) GET `/api/v1/experiments/13`
INFO: 2020-02-28T15:13:09.018Z Tianyi Miao(250) GET `/api/v1/project_users/13`
INFO: 2020-02-28T15:13:18.621Z Tianyi Miao(250) GET `/api/v1/projects_overview`
INFO: 2020-02-28T15:13:22.153Z Tianyi Miao(250) GET `/api/v1/project/15`
INFO: 2020-02-28T15:13:22.154Z Tianyi Miao(250) GET `/api/v1/experiments/15`
INFO: 2020-02-28T15:13:22.155Z Tianyi Miao(250) GET `/api/v1/project_users/15`
INFO: 2020-02-28T15:15:05.267Z Tianyi Miao(250) GET `/api/v1/probes_overview`
INFO: 2020-02-28T15:15:05.268Z Tianyi Miao(250) GET `/api/v1/users_overview`
INFO: 2020-02-28T15:15:05.269Z Tianyi Miao(250) GET `/api/v1/protocols_overview`
INFO: 2020-02-28T15:15:17.262Z Tianyi Miao(250) GET `/api/v1/probes_overview`
INFO: 2020-02-28T15:15:17.263Z Tianyi Miao(250) GET `/api/v1/users_overview`
INFO: 2020-02-28T15:15:17.264Z Tianyi Miao(250) GET `/api/v1/protocols_overview`
INFO: 2020-02-28T15:16:24.380Z Tianyi Miao(250) GET `/api/v1/probes_overview`
INFO: 2020-02-28T15:16:24.382Z Tianyi Miao(250) GET `/api/v1/users_overview`
INFO: 2020-02-28T15:16:24.382Z Tianyi Miao(250) GET `/api/v1/protocols_overview`
INFO: 2020-02-28T15:16:58.994Z Tianyi Miao(250) GET `/api/v1/probes_overview`
INFO: 2020-02-28T15:16:58.995Z Tianyi Miao(250) GET `/api/v1/users_overview`
INFO: 2020-02-28T15:16:58.996Z Tianyi Miao(250) GET `/api/v1/protocols_overview`
INFO: 2020-02-28T15:17:02.077Z Tianyi Miao(250) GET `/api/v1/projects_overview`
INFO: 2020-02-28T15:17:03.693Z Tianyi Miao(250) GET `/api/v1/project/15`
INFO: 2020-02-28T15:17:03.695Z Tianyi Miao(250) GET `/api/v1/experiments/15`
INFO: 2020-02-28T15:17:03.696Z Tianyi Miao(250) GET `/api/v1/project_users/15`
INFO: 2020-02-28T15:21:08.552Z Tianyi Miao(250) GET `/api/v1/probes_overview`
INFO: 2020-02-28T15:21:08.554Z Tianyi Miao(250) GET `/api/v1/users_overview`
INFO: 2020-02-28T15:21:08.555Z Tianyi Miao(250) GET `/api/v1/protocols_overview`
INFO: 2020-02-28T15:21:09.440Z Tianyi Miao(250) GET `/api/v1/projects_overview`
INFO: 2020-02-28T15:21:10.430Z Tianyi Miao(250) GET `/api/v1/project/13`
INFO: 2020-02-28T15:21:10.431Z Tianyi Miao(250) GET `/api/v1/experiments/13`
INFO: 2020-02-28T15:21:10.432Z Tianyi Miao(250) GET `/api/v1/project_users/13`
INFO: 2020-02-28T15:21:11.926Z Tianyi Miao(250) GET `/api/v1/imaging_participants/24`
INFO: 2020-02-28T15:21:11.927Z Tianyi Miao(250) GET `/api/v1/experiment_doc/24`
INFO: 2020-02-28T15:21:41.886Z Tianyi Miao(250) GET `/api/v1/probes_overview`
INFO: 2020-02-28T15:21:41.887Z Tianyi Miao(250) GET `/api/v1/users_overview`
INFO: 2020-02-28T15:21:41.888Z Tianyi Miao(250) GET `/api/v1/protocols_overview`
INFO: 2020-02-28T15:21:42.553Z Tianyi Miao(250) GET `/api/v1/projects_overview`
INFO: 2020-02-28T15:21:43.705Z Tianyi Miao(250) GET `/api/v1/project/15`
INFO: 2020-02-28T15:21:43.706Z Tianyi Miao(250) GET `/api/v1/experiments/15`
INFO: 2020-02-28T15:21:43.707Z Tianyi Miao(250) GET `/api/v1/project_users/15`
INFO: 2020-02-28T15:21:57.833Z Tianyi Miao(250) GET `/api/v1/probes_overview`
INFO: 2020-02-28T15:21:57.833Z Tianyi Miao(250) GET `/api/v1/users_overview`
INFO: 2020-02-28T15:21:57.834Z Tianyi Miao(250) GET `/api/v1/protocols_overview`
INFO: 2020-02-28T15:21:58.887Z Tianyi Miao(250) GET `/api/v1/projects_overview`
INFO: 2020-02-28T15:22:00.019Z Tianyi Miao(250) GET `/api/v1/project/15`
INFO: 2020-02-28T15:22:00.021Z Tianyi Miao(250) GET `/api/v1/experiments/15`
INFO: 2020-02-28T15:22:00.022Z Tianyi Miao(250) GET `/api/v1/project_users/15`
INFO: 2020-02-28T15:22:07.281Z Tianyi Miao(250) GET `/api/v1/probes_overview`
INFO: 2020-02-28T15:22:07.283Z Tianyi Miao(250) GET `/api/v1/users_overview`
INFO: 2020-02-28T15:22:07.284Z Tianyi Miao(250) GET `/api/v1/protocols_overview`
INFO: 2020-02-28T15:22:08.021Z Tianyi Miao(250) GET `/api/v1/projects_overview`
INFO: 2020-02-28T15:22:09.241Z Tianyi Miao(250) GET `/api/v1/project/15`
INFO: 2020-02-28T15:22:09.243Z Tianyi Miao(250) GET `/api/v1/experiments/15`
INFO: 2020-02-28T15:22:09.244Z Tianyi Miao(250) GET `/api/v1/project_users/15`
INFO: 2020-02-28T15:22:33.499Z Tianyi Miao(250) GET `/api/v1/probes_overview`
INFO: 2020-02-28T15:22:33.501Z Tianyi Miao(250) GET `/api/v1/users_overview`
INFO: 2020-02-28T15:22:33.502Z Tianyi Miao(250) GET `/api/v1/protocols_overview`
INFO: 2020-02-28T15:22:34.234Z Tianyi Miao(250) GET `/api/v1/projects_overview`
INFO: 2020-02-28T15:22:35.521Z Tianyi Miao(250) GET `/api/v1/project/15`
INFO: 2020-02-28T15:22:35.523Z Tianyi Miao(250) GET `/api/v1/experiments/15`
INFO: 2020-02-28T15:22:35.524Z Tianyi Miao(250) GET `/api/v1/project_users/15`
INFO: 2020-02-28T15:23:14.178Z Tianyi Miao(250) GET `/api/v1/probes_overview`
INFO: 2020-02-28T15:23:14.180Z Tianyi Miao(250) GET `/api/v1/users_overview`
INFO: 2020-02-28T15:23:14.180Z Tianyi Miao(250) GET `/api/v1/protocols_overview`
INFO: 2020-02-28T15:23:15.195Z Tianyi Miao(250) GET `/api/v1/projects_overview`
INFO: 2020-02-28T15:23:16.551Z Tianyi Miao(250) GET `/api/v1/project/15`
INFO: 2020-02-28T15:23:16.553Z Tianyi Miao(250) GET `/api/v1/experiments/15`
INFO: 2020-02-28T15:23:16.553Z Tianyi Miao(250) GET `/api/v1/project_users/15`
INFO: 2020-02-28T15:23:54.379Z Tianyi Miao(250) GET `/api/v1/probes_overview`
INFO: 2020-02-28T15:23:54.381Z Tianyi Miao(250) GET `/api/v1/users_overview`
INFO: 2020-02-28T15:23:54.382Z Tianyi Miao(250) GET `/api/v1/protocols_overview`
INFO: 2020-02-28T15:23:55.545Z Tianyi Miao(250) GET `/api/v1/projects_overview`
INFO: 2020-02-28T15:23:56.756Z Tianyi Miao(250) GET `/api/v1/project/15`
INFO: 2020-02-28T15:23:56.758Z Tianyi Miao(250) GET `/api/v1/experiments/15`
INFO: 2020-02-28T15:23:56.759Z Tianyi Miao(250) GET `/api/v1/project_users/15`
INFO: 2020-02-28T15:24:09.693Z Tianyi Miao(250) POST `/api/v1/experiment_add`
INFO: 2020-02-28T15:24:09.757Z Tianyi Miao(250) successfully insert 1499 row in `imaging_experiments` table
INFO: 2020-02-28T15:24:09.775Z Tianyi Miao(250) successfully update 15 project in `nci_projects` table
INFO: 2020-02-28T15:24:09.781Z Tianyi Miao(250) GET `/api/v1/experiments/15`
WARN: 2020-02-28T15:24:14.996Z Tianyi Miao(250) DELETE `/api/v1/experiment_remove/1499`
INFO: 2020-02-28T15:24:15.032Z Tianyi Miao(250) successfully DELETE 1499 experiment from `imaging_experiments` table
INFO: 2020-02-28T15:24:15.040Z Tianyi Miao(250) GET `/api/v1/experiments/15`
INFO: 2020-02-28T15:26:17.986Z Tianyi Miao(250) GET `/api/v1/probes_overview`
INFO: 2020-02-28T15:26:17.988Z Tianyi Miao(250) GET `/api/v1/users_overview`
INFO: 2020-02-28T15:26:17.988Z Tianyi Miao(250) GET `/api/v1/protocols_overview`
INFO: 2020-02-28T15:58:06.900Z Tianyi Miao(250) GET `/api/v1/projects_overview`
INFO: 2020-02-28T15:58:09.349Z Tianyi Miao(250) GET `/api/v1/project/15`
INFO: 2020-02-28T15:58:09.350Z Tianyi Miao(250) GET `/api/v1/experiments/15`
INFO: 2020-02-28T15:58:09.351Z Tianyi Miao(250) GET `/api/v1/project_users/15`
INFO: 2020-02-28T15:58:40.942Z Tianyi Miao(250) GET `/api/v1/probes_overview`
INFO: 2020-02-28T15:58:40.946Z Tianyi Miao(250) GET `/api/v1/users_overview`
INFO: 2020-02-28T15:58:40.947Z Tianyi Miao(250) GET `/api/v1/protocols_overview`
INFO: 2020-02-28T15:58:44.977Z Tianyi Miao(250) GET `/api/v1/projects_overview`
INFO: 2020-02-28T15:58:46.079Z Tianyi Miao(250) GET `/api/v1/project/13`
INFO: 2020-02-28T15:58:46.079Z Tianyi Miao(250) GET `/api/v1/experiments/13`
INFO: 2020-02-28T15:58:46.080Z Tianyi Miao(250) GET `/api/v1/project_users/13`
INFO: 2020-02-28T15:58:52.563Z Tianyi Miao(250) GET `/api/v1/projects_overview`
INFO: 2020-02-28T15:58:53.861Z Tianyi Miao(250) GET `/api/v1/project/13`
INFO: 2020-02-28T15:58:53.863Z Tianyi Miao(250) GET `/api/v1/experiments/13`
INFO: 2020-02-28T15:58:53.864Z Tianyi Miao(250) GET `/api/v1/project_users/13`
INFO: 2020-02-28T15:58:57.084Z Tianyi Miao(250) PUT `experiments/api/v1/experiment_edit`
INFO: 2020-02-28T15:58:57.126Z Tianyi Miao(250) successfully UPDATE 23 project from `nci_projects` table
INFO: 2020-02-28T15:59:08.929Z Tianyi Miao(250) PUT `experiments/api/v1/experiment_edit`
INFO: 2020-02-28T15:59:08.964Z Tianyi Miao(250) successfully UPDATE 23 project from `nci_projects` table
INFO: 2020-02-28T15:59:10.829Z Tianyi Miao(250) GET `/api/v1/imaging_participants/23`
INFO: 2020-02-28T15:59:10.830Z Tianyi Miao(250) GET `/api/v1/experiment_doc/23`
INFO: 2020-02-28T16:00:50.000Z Tianyi Miao(250) POST `/api/v1/experiment_add`
INFO: 2020-02-28T16:00:50.029Z Tianyi Miao(250) successfully insert 1500 row in `imaging_experiments` table
INFO: 2020-02-28T16:00:50.047Z Tianyi Miao(250) successfully update 13 project in `nci_projects` table
INFO: 2020-02-28T16:00:50.054Z Tianyi Miao(250) GET `/api/v1/experiments/13`
INFO: 2020-02-28T16:01:10.166Z Tianyi Miao(250) PUT `experiments/api/v1/experiment_edit`
INFO: 2020-02-28T16:01:10.226Z Tianyi Miao(250) successfully UPDATE 1500 project from `nci_projects` table
INFO: 2020-02-28T16:01:50.766Z Tianyi Miao(250) GET `/api/v1/imaging_participants/1500`
INFO: 2020-02-28T16:01:50.774Z Tianyi Miao(250) GET `/api/v1/experiment_doc/1500`
INFO: 2020-02-28T16:01:53.351Z Tianyi Miao(250) PUT `experiments/api/v1/experiment_edit`
INFO: 2020-02-28T16:01:53.400Z Tianyi Miao(250) successfully UPDATE 1500 project from `nci_projects` table
INFO: 2020-02-28T16:02:21.053Z Tianyi Miao(250) PUT `experiments/api/v1/experiment_edit`
INFO: 2020-02-28T16:02:21.092Z Tianyi Miao(250) successfully UPDATE 1500 project from `nci_projects` table
INFO: 2020-02-28T16:02:34.787Z Tianyi Miao(250) GET `/api/v1/probes_overview`
INFO: 2020-02-28T16:02:34.790Z Tianyi Miao(250) GET `/api/v1/users_overview`
INFO: 2020-02-28T16:02:34.791Z Tianyi Miao(250) GET `/api/v1/protocols_overview`
INFO: 2020-02-28T16:02:35.713Z Tianyi Miao(250) GET `/api/v1/projects_overview`
INFO: 2020-02-28T16:02:37.443Z Tianyi Miao(250) GET `/api/v1/project/13`
INFO: 2020-02-28T16:02:37.445Z Tianyi Miao(250) GET `/api/v1/experiments/13`
INFO: 2020-02-28T16:02:37.445Z Tianyi Miao(250) GET `/api/v1/project_users/13`
INFO: 2020-02-28T16:02:40.853Z Tianyi Miao(250) PUT `experiments/api/v1/experiment_edit`
INFO: 2020-02-28T16:02:40.883Z Tianyi Miao(250) successfully UPDATE 1500 project from `nci_projects` table
INFO: 2020-02-28T16:02:59.111Z Tianyi Miao(250) GET `/api/v1/imaging_participants/23`
INFO: 2020-02-28T16:02:59.112Z Tianyi Miao(250) GET `/api/v1/experiment_doc/23`
INFO: 2020-02-28T16:02:59.401Z Tianyi Miao(250) GET `/api/v1/imaging_participants/1500`
INFO: 2020-02-28T16:02:59.402Z Tianyi Miao(250) GET `/api/v1/experiment_doc/1500`
INFO: 2020-02-28T16:03:00.167Z Tianyi Miao(250) GET `/api/v1/imaging_participants/23`
INFO: 2020-02-28T16:03:00.168Z Tianyi Miao(250) GET `/api/v1/experiment_doc/23`
INFO: 2020-02-28T16:03:01.561Z Tianyi Miao(250) GET `/api/v1/imaging_participants/1500`
INFO: 2020-02-28T16:03:01.561Z Tianyi Miao(250) GET `/api/v1/experiment_doc/1500`
INFO: 2020-02-28T16:03:13.969Z Tianyi Miao(250) GET `/api/v1/probes_overview`
INFO: 2020-02-28T16:03:13.971Z Tianyi Miao(250) GET `/api/v1/users_overview`
INFO: 2020-02-28T16:03:13.972Z Tianyi Miao(250) GET `/api/v1/protocols_overview`
INFO: 2020-02-28T16:03:15.199Z Tianyi Miao(250) GET `/api/v1/projects_overview`
INFO: 2020-02-28T16:03:16.312Z Tianyi Miao(250) GET `/api/v1/project/13`
INFO: 2020-02-28T16:03:16.313Z Tianyi Miao(250) GET `/api/v1/experiments/13`
INFO: 2020-02-28T16:03:16.314Z Tianyi Miao(250) GET `/api/v1/project_users/13`
INFO: 2020-02-28T16:03:19.416Z Tianyi Miao(250) PUT `experiments/api/v1/experiment_edit`
INFO: 2020-02-28T16:03:19.448Z Tianyi Miao(250) successfully UPDATE 1500 project from `nci_projects` table
INFO: 2020-02-28T16:03:19.460Z Tianyi Miao(250) GET `/api/v1/experiments/13`
INFO: 2020-02-28T16:03:24.974Z Tianyi Miao(250) GET `/api/v1/imaging_participants/1500`
INFO: 2020-02-28T16:03:24.975Z Tianyi Miao(250) GET `/api/v1/experiment_doc/1500`
INFO: 2020-02-28T16:03:28.945Z Tianyi Miao(250) PUT `experiments/api/v1/experiment_edit`
INFO: 2020-02-28T16:03:28.983Z Tianyi Miao(250) successfully UPDATE 1500 project from `nci_projects` table
INFO: 2020-02-28T16:03:28.991Z Tianyi Miao(250) GET `/api/v1/experiments/13`
INFO: 2020-02-28T16:03:30.224Z Tianyi Miao(250) GET `/api/v1/imaging_participants/1500`
INFO: 2020-02-28T16:03:30.227Z Tianyi Miao(250) GET `/api/v1/experiment_doc/1500`
INFO: 2020-02-28T16:03:35.197Z Tianyi Miao(250) GET `/api/v1/imaging_participants/1500`
INFO: 2020-02-28T16:03:35.199Z Tianyi Miao(250) GET `/api/v1/experiment_doc/1500`
WARN: 2020-02-28T16:03:35.673Z Tianyi Miao(250) DELETE `/api/v1/experiment_remove/1500`
INFO: 2020-02-28T16:03:35.713Z Tianyi Miao(250) successfully DELETE 1500 experiment from `imaging_experiments` table
INFO: 2020-02-28T16:03:35.720Z Tianyi Miao(250) GET `/api/v1/experiments/13`
INFO: 2020-02-28T16:03:39.047Z Tianyi Miao(250) PUT `experiments/api/v1/experiment_edit`
INFO: 2020-02-28T16:03:39.082Z Tianyi Miao(250) successfully UPDATE 23 project from `nci_projects` table
INFO: 2020-02-28T16:03:39.092Z Tianyi Miao(250) GET `/api/v1/experiments/13`
INFO: 2020-02-28T16:03:41.015Z Tianyi Miao(250) GET `/api/v1/imaging_participants/23`
INFO: 2020-02-28T16:03:41.016Z Tianyi Miao(250) GET `/api/v1/experiment_doc/23`
WARN: 2020-02-28T16:03:44.626Z Tianyi Miao(250) DELETE `/api/v1/experiment_remove/23`
INFO: 2020-02-28T16:03:44.666Z Tianyi Miao(250) successfully DELETE 23 experiment from `imaging_experiments` table
INFO: 2020-02-28T16:03:44.674Z Tianyi Miao(250) GET `/api/v1/experiments/13`
INFO: 2020-02-28T16:06:02.139Z Tianyi Miao(250) GET `/api/v1/probes_overview`
INFO: 2020-02-28T16:06:02.143Z Tianyi Miao(250) GET `/api/v1/users_overview`
INFO: 2020-02-28T16:06:02.144Z Tianyi Miao(250) GET `/api/v1/protocols_overview`
INFO: 2020-02-28T16:06:03.422Z Tianyi Miao(250) GET `/api/v1/projects_overview`
INFO: 2020-02-28T16:06:04.508Z Tianyi Miao(250) GET `/api/v1/project/13`
INFO: 2020-02-28T16:06:04.510Z Tianyi Miao(250) GET `/api/v1/experiments/13`
INFO: 2020-02-28T16:06:04.510Z Tianyi Miao(250) GET `/api/v1/project_users/13`
INFO: 2020-02-28T16:06:06.545Z Tianyi Miao(250) GET `/api/v1/imaging_participants/24`
INFO: 2020-02-28T16:06:06.548Z Tianyi Miao(250) GET `/api/v1/experiment_doc/24`
INFO: 2020-02-28T16:06:12.364Z Tianyi Miao(250) PUT `experiments/api/v1/experiment_edit`
INFO: 2020-02-28T16:06:12.417Z Tianyi Miao(250) successfully UPDATE 24 project from `nci_projects` table
INFO: 2020-02-28T16:06:12.426Z Tianyi Miao(250) GET `/api/v1/experiments/13`
INFO: 2020-02-28T16:06:14.097Z Tianyi Miao(250) GET `/api/v1/experiment_doc/24`
INFO: 2020-02-28T16:06:17.201Z Tianyi Miao(250) PUT `experiments/api/v1/experiment_edit`
INFO: 2020-02-28T16:06:17.230Z Tianyi Miao(250) successfully UPDATE 24 project from `nci_projects` table
INFO: 2020-02-28T16:06:17.237Z Tianyi Miao(250) GET `/api/v1/experiments/13`
INFO: 2020-02-28T16:06:22.998Z Tianyi Miao(250) GET `/api/v1/probes_overview`
INFO: 2020-02-28T16:06:23.001Z Tianyi Miao(250) GET `/api/v1/users_overview`
INFO: 2020-02-28T16:06:23.002Z Tianyi Miao(250) GET `/api/v1/protocols_overview`
INFO: 2020-02-28T16:07:14.568Z Tianyi Miao(250) GET `/api/v1/probes_overview`
INFO: 2020-02-28T16:07:14.569Z Tianyi Miao(250) GET `/api/v1/users_overview`
INFO: 2020-02-28T16:07:14.571Z Tianyi Miao(250) GET `/api/v1/protocols_overview`
INFO: 2020-02-28T16:11:50.144Z Tianyi Miao(250) GET `/api/v1/projects_overview`
INFO: 2020-02-28T16:11:51.227Z Tianyi Miao(250) GET `/api/v1/project/13`
INFO: 2020-02-28T16:11:51.229Z Tianyi Miao(250) GET `/api/v1/experiments/13`
INFO: 2020-02-28T16:11:51.230Z Tianyi Miao(250) GET `/api/v1/project_users/13`
INFO: 2020-02-28T16:11:52.736Z Tianyi Miao(250) GET `/api/v1/projects_overview`
INFO: 2020-02-28T16:11:53.825Z Tianyi Miao(250) GET `/api/v1/project/15`
INFO: 2020-02-28T16:11:53.826Z Tianyi Miao(250) GET `/api/v1/experiments/15`
INFO: 2020-02-28T16:11:53.827Z Tianyi Miao(250) GET `/api/v1/project_users/15`
INFO: 2020-02-28T16:11:57.312Z Tianyi Miao(250) POST `/api/v1/experiment_add`
INFO: 2020-02-28T16:11:57.348Z Tianyi Miao(250) successfully insert 1501 row in `imaging_experiments` table
INFO: 2020-02-28T16:11:57.372Z Tianyi Miao(250) successfully update 15 project in `nci_projects` table
INFO: 2020-02-28T16:11:57.380Z Tianyi Miao(250) GET `/api/v1/experiments/15`
INFO: 2020-02-28T16:11:59.214Z Tianyi Miao(250) GET `/api/v1/imaging_participants/25`
INFO: 2020-02-28T16:11:59.215Z Tianyi Miao(250) GET `/api/v1/experiment_doc/25`
INFO: 2020-02-28T16:12:02.847Z Tianyi Miao(250) PUT `experiments/api/v1/experiment_edit`
INFO: 2020-02-28T16:12:02.883Z Tianyi Miao(250) successfully UPDATE 1501 project from `nci_projects` table
INFO: 2020-02-28T16:12:02.891Z Tianyi Miao(250) GET `/api/v1/experiments/15`
INFO: 2020-02-28T16:12:06.391Z Tianyi Miao(250) PUT `experiments/api/v1/experiment_edit`
INFO: 2020-02-28T16:12:06.425Z Tianyi Miao(250) successfully UPDATE 1501 project from `nci_projects` table
INFO: 2020-02-28T16:12:06.434Z Tianyi Miao(250) GET `/api/v1/experiments/15`
INFO: 2020-02-28T16:12:09.101Z Tianyi Miao(250) PUT `experiments/api/v1/experiment_edit`
INFO: 2020-02-28T16:12:09.131Z Tianyi Miao(250) successfully UPDATE 1501 project from `nci_projects` table
INFO: 2020-02-28T16:12:09.141Z Tianyi Miao(250) GET `/api/v1/experiments/15`
INFO: 2020-02-28T16:12:11.893Z Tianyi Miao(250) GET `/api/v1/imaging_participants/1501`
INFO: 2020-02-28T16:12:11.894Z Tianyi Miao(250) GET `/api/v1/experiment_doc/1501`
INFO: 2020-02-28T16:12:15.436Z Tianyi Miao(250) PUT `experiments/api/v1/experiment_edit`
INFO: 2020-02-28T16:12:15.467Z Tianyi Miao(250) successfully UPDATE 1501 project from `nci_projects` table
INFO: 2020-02-28T16:12:15.476Z Tianyi Miao(250) GET `/api/v1/experiments/15`
INFO: 2020-02-28T16:12:16.596Z Tianyi Miao(250) GET `/api/v1/experiment_doc/25`
INFO: 2020-02-28T16:12:16.988Z Tianyi Miao(250) GET `/api/v1/imaging_participants/1501`
INFO: 2020-02-28T16:12:16.989Z Tianyi Miao(250) GET `/api/v1/experiment_doc/1501`
INFO: 2020-02-28T16:12:21.636Z Tianyi Miao(250) PUT `experiments/api/v1/experiment_edit`
INFO: 2020-02-28T16:12:21.671Z Tianyi Miao(250) successfully UPDATE 25 project from `nci_projects` table
INFO: 2020-02-28T16:12:21.679Z Tianyi Miao(250) GET `/api/v1/experiments/15`
INFO: 2020-02-28T16:12:32.164Z Tianyi Miao(250) PUT `experiments/api/v1/experiment_edit`
INFO: 2020-02-28T16:12:32.198Z Tianyi Miao(250) successfully UPDATE 25 project from `nci_projects` table
INFO: 2020-02-28T16:12:32.207Z Tianyi Miao(250) GET `/api/v1/experiments/15`
INFO: 2020-02-28T16:12:33.886Z Tianyi Miao(250) GET `/api/v1/experiment_doc/25`
INFO: 2020-02-28T16:12:34.662Z Tianyi Miao(250) GET `/api/v1/imaging_participants/1501`
INFO: 2020-02-28T16:12:34.663Z Tianyi Miao(250) GET `/api/v1/experiment_doc/1501`
INFO: 2020-02-28T16:12:36.593Z Tianyi Miao(250) GET `/api/v1/imaging_participants/25`
INFO: 2020-02-28T16:12:51.960Z Tianyi Miao(250) GET `/api/v1/probes_overview`
INFO: 2020-02-28T16:12:51.961Z Tianyi Miao(250) GET `/api/v1/users_overview`
INFO: 2020-02-28T16:12:51.962Z Tianyi Miao(250) GET `/api/v1/protocols_overview`
INFO: 2020-02-28T16:14:20.521Z Tianyi Miao(250) GET `/api/v1/probes_overview`
INFO: 2020-02-28T16:14:20.522Z Tianyi Miao(250) GET `/api/v1/protocols_overview`
INFO: 2020-02-28T16:14:20.523Z Tianyi Miao(250) GET `/api/v1/users_overview`
INFO: 2020-02-28T16:14:21.229Z Tianyi Miao(250) GET `/api/v1/projects_overview`
INFO: 2020-02-28T16:14:22.551Z Tianyi Miao(250) GET `/api/v1/project/13`
INFO: 2020-02-28T16:14:22.552Z Tianyi Miao(250) GET `/api/v1/experiments/13`
INFO: 2020-02-28T16:14:22.552Z Tianyi Miao(250) GET `/api/v1/project_users/13`
INFO: 2020-02-28T16:14:23.677Z Tianyi Miao(250) GET `/api/v1/projects_overview`
INFO: 2020-02-28T16:14:24.599Z Tianyi Miao(250) GET `/api/v1/project/14`
INFO: 2020-02-28T16:14:24.600Z Tianyi Miao(250) GET `/api/v1/experiments/14`
INFO: 2020-02-28T16:14:24.601Z Tianyi Miao(250) GET `/api/v1/project_users/14`
INFO: 2020-02-28T16:14:28.928Z Tianyi Miao(250) PUT `experiments/api/v1/experiment_edit`
INFO: 2020-02-28T16:14:28.965Z Tianyi Miao(250) successfully UPDATE 675 project from `nci_projects` table
INFO: 2020-02-28T16:14:28.972Z Tianyi Miao(250) GET `/api/v1/experiments/14`
INFO: 2020-02-28T16:14:55.777Z Tianyi Miao(250) GET `/api/v1/probes_overview`
INFO: 2020-02-28T16:14:55.779Z Tianyi Miao(250) GET `/api/v1/users_overview`
INFO: 2020-02-28T16:14:55.780Z Tianyi Miao(250) GET `/api/v1/protocols_overview`
INFO: 2020-02-28T16:14:56.709Z Tianyi Miao(250) GET `/api/v1/projects_overview`
INFO: 2020-02-28T16:14:58.211Z Tianyi Miao(250) GET `/api/v1/project/13`
INFO: 2020-02-28T16:14:58.212Z Tianyi Miao(250) GET `/api/v1/experiments/13`
INFO: 2020-02-28T16:14:58.213Z Tianyi Miao(250) GET `/api/v1/project_users/13`
INFO: 2020-02-28T16:15:02.749Z Tianyi Miao(250) PUT `experiments/api/v1/experiment_edit`
INFO: 2020-02-28T16:15:02.784Z Tianyi Miao(250) successfully UPDATE 24 project from `nci_projects` table
INFO: 2020-02-28T16:15:02.790Z Tianyi Miao(250) GET `/api/v1/experiments/13`
INFO: 2020-02-28T16:15:04.522Z Tianyi Miao(250) GET `/api/v1/imaging_participants/24`
INFO: 2020-02-28T16:15:04.523Z Tianyi Miao(250) GET `/api/v1/experiment_doc/24`
INFO: 2020-02-28T16:15:10.781Z Tianyi Miao(250) PUT `experiments/api/v1/experiment_edit`
INFO: 2020-02-28T16:15:10.812Z Tianyi Miao(250) successfully UPDATE 24 project from `nci_projects` table
INFO: 2020-02-28T16:15:10.821Z Tianyi Miao(250) GET `/api/v1/experiments/13`
INFO: 2020-02-28T16:15:14.976Z Tianyi Miao(250) GET `/api/v1/experiment_doc/24`
INFO: 2020-02-28T16:15:34.977Z Tianyi Miao(250) GET `/api/v1/imaging_participants/24`
INFO: 2020-02-28T16:15:40.453Z Tianyi Miao(250) GET `/api/v1/projects_overview`
INFO: 2020-02-28T16:15:42.346Z Tianyi Miao(250) GET `/api/v1/project/14`
INFO: 2020-02-28T16:15:42.348Z Tianyi Miao(250) GET `/api/v1/experiments/14`
INFO: 2020-02-28T16:15:42.349Z Tianyi Miao(250) GET `/api/v1/project_users/14`
INFO: 2020-02-28T16:15:49.131Z Tianyi Miao(250) PUT `experiments/api/v1/experiment_edit`
INFO: 2020-02-28T16:15:49.157Z Tianyi Miao(250) successfully UPDATE 675 project from `nci_projects` table
INFO: 2020-02-28T16:15:49.164Z Tianyi Miao(250) GET `/api/v1/experiments/14`
INFO: 2020-02-28T16:15:50.144Z Tianyi Miao(250) GET `/api/v1/imaging_participants/675`
INFO: 2020-02-28T16:15:50.145Z Tianyi Miao(250) GET `/api/v1/experiment_doc/675`
INFO: 2020-02-28T16:15:53.622Z Tianyi Miao(250) PUT `experiments/api/v1/experiment_edit`
INFO: 2020-02-28T16:15:53.653Z Tianyi Miao(250) successfully UPDATE 675 project from `nci_projects` table
INFO: 2020-02-28T16:15:53.662Z Tianyi Miao(250) GET `/api/v1/experiments/14`
INFO: 2020-02-28T16:16:34.872Z Tianyi Miao(250) PUT `experiments/api/v1/experiment_edit`
INFO: 2020-02-28T16:16:34.901Z Tianyi Miao(250) successfully UPDATE 675 project from `nci_projects` table
INFO: 2020-02-28T16:16:34.909Z Tianyi Miao(250) GET `/api/v1/experiments/14`
INFO: 2020-02-28T16:17:06.428Z Tianyi Miao(250) GET `/api/v1/probes_overview`
INFO: 2020-02-28T16:17:06.431Z Tianyi Miao(250) GET `/api/v1/users_overview`
INFO: 2020-02-28T16:17:06.432Z Tianyi Miao(250) GET `/api/v1/protocols_overview`
INFO: 2020-02-28T16:17:07.588Z Tianyi Miao(250) GET `/api/v1/projects_overview`
INFO: 2020-02-28T16:17:08.668Z Tianyi Miao(250) GET `/api/v1/project/14`
INFO: 2020-02-28T16:17:08.670Z Tianyi Miao(250) GET `/api/v1/experiments/14`
INFO: 2020-02-28T16:17:08.671Z Tianyi Miao(250) GET `/api/v1/project_users/14`
INFO: 2020-02-28T16:17:11.222Z Tianyi Miao(250) PUT `experiments/api/v1/experiment_edit`
INFO: 2020-02-28T16:17:11.253Z Tianyi Miao(250) successfully UPDATE 675 project from `nci_projects` table
INFO: 2020-02-28T16:17:11.262Z Tianyi Miao(250) GET `/api/v1/experiments/14`
INFO: 2020-02-28T16:17:12.085Z Tianyi Miao(250) GET `/api/v1/imaging_participants/675`
INFO: 2020-02-28T16:17:12.087Z Tianyi Miao(250) GET `/api/v1/experiment_doc/675`
INFO: 2020-02-28T16:17:17.082Z Tianyi Miao(250) PUT `experiments/api/v1/experiment_edit`
INFO: 2020-02-28T16:17:17.115Z Tianyi Miao(250) successfully UPDATE 675 project from `nci_projects` table
INFO: 2020-02-28T16:17:17.123Z Tianyi Miao(250) GET `/api/v1/experiments/14`
INFO: 2020-02-28T16:18:17.643Z Tianyi Miao(250) GET `/api/v1/probes_overview`
INFO: 2020-02-28T16:18:17.646Z Tianyi Miao(250) GET `/api/v1/users_overview`
INFO: 2020-02-28T16:18:17.647Z Tianyi Miao(250) GET `/api/v1/protocols_overview`
INFO: 2020-02-28T16:18:19.498Z Tianyi Miao(250) GET `/api/v1/projects_overview`
INFO: 2020-02-28T16:18:21.735Z Tianyi Miao(250) GET `/api/v1/project/13`
INFO: 2020-02-28T16:18:21.737Z Tianyi Miao(250) GET `/api/v1/experiments/13`
INFO: 2020-02-28T16:18:21.737Z Tianyi Miao(250) GET `/api/v1/project_users/13`
INFO: 2020-02-28T16:18:22.501Z Tianyi Miao(250) GET `/api/v1/imaging_participants/24`
INFO: 2020-02-28T16:18:22.502Z Tianyi Miao(250) GET `/api/v1/experiment_doc/24`
INFO: 2020-02-28T16:18:24.122Z Tianyi Miao(250) GET `/api/v1/experiment_doc/24`
INFO: 2020-02-28T16:18:28.489Z Tianyi Miao(250) PUT `experiments/api/v1/experiment_edit`
INFO: 2020-02-28T16:18:28.516Z Tianyi Miao(250) successfully UPDATE 24 project from `nci_projects` table
INFO: 2020-02-28T16:18:28.524Z Tianyi Miao(250) GET `/api/v1/experiments/13`
INFO: 2020-02-28T16:18:44.124Z Tianyi Miao(250) GET `/api/v1/imaging_participants/24`
INFO: 2020-02-28T16:25:19.869Z Tianyi Miao(250) GET `/api/v1/probes_overview`
INFO: 2020-02-28T16:25:19.871Z Tianyi Miao(250) GET `/api/v1/users_overview`
INFO: 2020-02-28T16:25:19.872Z Tianyi Miao(250) GET `/api/v1/protocols_overview`
INFO: 2020-02-28T16:25:26.837Z Tianyi Miao(250) GET `/api/v1/projects_overview`
INFO: 2020-02-28T16:25:28.341Z Tianyi Miao(250) GET `/api/v1/project/13`
INFO: 2020-02-28T16:25:28.344Z Tianyi Miao(250) GET `/api/v1/experiments/13`
INFO: 2020-02-28T16:25:28.345Z Tianyi Miao(250) GET `/api/v1/project_users/13`
INFO: 2020-02-28T16:25:29.918Z Tianyi Miao(250) GET `/api/v1/imaging_participants/24`
INFO: 2020-02-28T16:25:29.919Z Tianyi Miao(250) GET `/api/v1/experiment_doc/24`
INFO: 2020-02-28T16:25:32.998Z Tianyi Miao(250) PUT `experiments/api/v1/experiment_edit`
INFO: 2020-02-28T16:25:33.033Z Tianyi Miao(250) successfully UPDATE 24 project from `nci_projects` table
INFO: 2020-02-28T16:25:33.039Z Tianyi Miao(250) GET `/api/v1/experiments/13`
INFO: 2020-02-28T16:25:36.651Z Tianyi Miao(250) PUT `experiments/api/v1/experiment_edit`
INFO: 2020-02-28T16:25:36.688Z Tianyi Miao(250) successfully UPDATE 24 project from `nci_projects` table
INFO: 2020-02-28T16:25:36.694Z Tianyi Miao(250) GET `/api/v1/experiments/13`
INFO: 2020-02-28T16:25:58.966Z Tianyi Miao(250) PUT `experiments/api/v1/experiment_edit`
INFO: 2020-02-28T16:25:59.004Z Tianyi Miao(250) successfully UPDATE 24 project from `nci_projects` table
INFO: 2020-02-28T16:25:59.011Z Tianyi Miao(250) GET `/api/v1/experiments/13`
INFO: 2020-02-28T16:26:09.958Z Tianyi Miao(250) PUT `experiments/api/v1/experiment_edit`
INFO: 2020-02-28T16:26:09.986Z Tianyi Miao(250) successfully UPDATE 24 project from `nci_projects` table
INFO: 2020-02-28T16:26:09.995Z Tianyi Miao(250) GET `/api/v1/experiments/13`
INFO: 2020-02-28T16:27:17.146Z Tianyi Miao(250) GET `/api/v1/probes_overview`
INFO: 2020-02-28T16:27:17.147Z Tianyi Miao(250) GET `/api/v1/users_overview`
INFO: 2020-02-28T16:27:17.148Z Tianyi Miao(250) GET `/api/v1/protocols_overview`
INFO: 2020-02-28T16:27:18.676Z Tianyi Miao(250) GET `/api/v1/projects_overview`
INFO: 2020-02-28T16:27:21.346Z Tianyi Miao(250) GET `/api/v1/project/13`
INFO: 2020-02-28T16:27:21.347Z Tianyi Miao(250) GET `/api/v1/experiments/13`
INFO: 2020-02-28T16:27:21.348Z Tianyi Miao(250) GET `/api/v1/project_users/13`
INFO: 2020-02-28T16:27:25.217Z Tianyi Miao(250) PUT `experiments/api/v1/experiment_edit`
INFO: 2020-02-28T16:27:25.255Z Tianyi Miao(250) successfully UPDATE 24 project from `nci_projects` table
INFO: 2020-02-28T16:27:25.263Z Tianyi Miao(250) GET `/api/v1/experiments/13`
INFO: 2020-02-28T16:27:26.737Z Tianyi Miao(250) GET `/api/v1/imaging_participants/24`
INFO: 2020-02-28T16:27:26.739Z Tianyi Miao(250) GET `/api/v1/experiment_doc/24`
INFO: 2020-02-28T16:27:36.221Z Tianyi Miao(250) PUT `experiments/api/v1/experiment_edit`
INFO: 2020-02-28T16:27:36.450Z Tianyi Miao(250) successfully UPDATE 24 project from `nci_projects` table
INFO: 2020-02-28T16:27:36.460Z Tianyi Miao(250) GET `/api/v1/experiments/13`
INFO: 2020-02-28T16:28:25.746Z Tianyi Miao(250) PUT `experiments/api/v1/experiment_edit`
INFO: 2020-02-28T16:28:25.778Z Tianyi Miao(250) successfully UPDATE 24 project from `nci_projects` table
INFO: 2020-02-28T16:28:25.786Z Tianyi Miao(250) GET `/api/v1/experiments/13`
INFO: 2020-02-28T16:28:42.634Z Tianyi Miao(250) GET `/api/v1/probes_overview`
INFO: 2020-02-28T16:28:42.635Z Tianyi Miao(250) GET `/api/v1/users_overview`
INFO: 2020-02-28T16:28:42.637Z Tianyi Miao(250) GET `/api/v1/protocols_overview`
INFO: 2020-02-28T16:28:43.533Z Tianyi Miao(250) GET `/api/v1/projects_overview`
INFO: 2020-02-28T16:28:44.711Z Tianyi Miao(250) GET `/api/v1/project/13`
INFO: 2020-02-28T16:28:44.713Z Tianyi Miao(250) GET `/api/v1/experiments/13`
INFO: 2020-02-28T16:28:44.713Z Tianyi Miao(250) GET `/api/v1/project_users/13`
INFO: 2020-02-28T16:28:45.746Z Tianyi Miao(250) GET `/api/v1/imaging_participants/24`
INFO: 2020-02-28T16:28:45.747Z Tianyi Miao(250) GET `/api/v1/experiment_doc/24`
INFO: 2020-02-28T16:29:09.191Z Tianyi Miao(250) GET `/api/v1/probes_overview`
INFO: 2020-02-28T16:29:09.194Z Tianyi Miao(250) GET `/api/v1/users_overview`
INFO: 2020-02-28T16:29:09.197Z Tianyi Miao(250) GET `/api/v1/protocols_overview`
INFO: 2020-02-28T16:29:10.151Z Tianyi Miao(250) GET `/api/v1/projects_overview`
INFO: 2020-02-28T16:29:12.557Z Tianyi Miao(250) GET `/api/v1/project/13`
INFO: 2020-02-28T16:29:12.558Z Tianyi Miao(250) GET `/api/v1/experiments/13`
INFO: 2020-02-28T16:29:12.558Z Tianyi Miao(250) GET `/api/v1/project_users/13`
INFO: 2020-02-28T16:29:13.288Z Tianyi Miao(250) GET `/api/v1/imaging_participants/24`
INFO: 2020-02-28T16:29:13.289Z Tianyi Miao(250) GET `/api/v1/experiment_doc/24`
INFO: 2020-02-28T16:29:16.167Z Tianyi Miao(250) PUT `experiments/api/v1/experiment_edit`
INFO: 2020-02-28T16:29:16.200Z Tianyi Miao(250) successfully UPDATE 24 project from `nci_projects` table
INFO: 2020-02-28T16:29:16.209Z Tianyi Miao(250) GET `/api/v1/experiments/13`
INFO: 2020-02-28T16:29:19.530Z Tianyi Miao(250) PUT `experiments/api/v1/experiment_edit`
INFO: 2020-02-28T16:29:19.561Z Tianyi Miao(250) successfully UPDATE 24 project from `nci_projects` table
INFO: 2020-02-28T16:29:19.568Z Tianyi Miao(250) GET `/api/v1/experiments/13`
INFO: 2020-02-28T16:29:23.660Z Tianyi Miao(250) PUT `experiments/api/v1/experiment_edit`
INFO: 2020-02-28T16:29:23.701Z Tianyi Miao(250) successfully UPDATE 24 project from `nci_projects` table
INFO: 2020-02-28T16:29:23.708Z Tianyi Miao(250) GET `/api/v1/experiments/13`
INFO: 2020-02-28T16:29:33.298Z Tianyi Miao(250) POST `/api/v1/experiment_add`
INFO: 2020-02-28T16:29:33.331Z Tianyi Miao(250) successfully insert 1502 row in `imaging_experiments` table
INFO: 2020-02-28T16:29:33.348Z Tianyi Miao(250) successfully update 13 project in `nci_projects` table
INFO: 2020-02-28T16:29:33.354Z Tianyi Miao(250) GET `/api/v1/experiments/13`
INFO: 2020-02-28T16:29:37.960Z Tianyi Miao(250) PUT `experiments/api/v1/experiment_edit`
INFO: 2020-02-28T16:29:37.996Z Tianyi Miao(250) successfully UPDATE 1502 project from `nci_projects` table
INFO: 2020-02-28T16:29:38.004Z Tianyi Miao(250) GET `/api/v1/experiments/13`
INFO: 2020-02-28T16:29:40.794Z Tianyi Miao(250) GET `/api/v1/imaging_participants/1502`
INFO: 2020-02-28T16:29:40.796Z Tianyi Miao(250) GET `/api/v1/experiment_doc/1502`
INFO: 2020-02-28T16:29:51.236Z Tianyi Miao(250) GET `/api/v1/probes_overview`
INFO: 2020-02-28T16:29:51.237Z Tianyi Miao(250) GET `/api/v1/users_overview`
INFO: 2020-02-28T16:29:51.238Z Tianyi Miao(250) GET `/api/v1/protocols_overview`
INFO: 2020-02-28T16:29:52.685Z Tianyi Miao(250) GET `/api/v1/projects_overview`
INFO: 2020-02-28T16:29:53.732Z Tianyi Miao(250) GET `/api/v1/project/13`
INFO: 2020-02-28T16:29:53.734Z Tianyi Miao(250) GET `/api/v1/experiments/13`
INFO: 2020-02-28T16:29:53.734Z Tianyi Miao(250) GET `/api/v1/project_users/13`
INFO: 2020-02-28T16:29:54.768Z Tianyi Miao(250) GET `/api/v1/imaging_participants/1502`
INFO: 2020-02-28T16:29:54.768Z Tianyi Miao(250) GET `/api/v1/experiment_doc/1502`
INFO: 2020-02-28T16:29:58.534Z Tianyi Miao(250) PUT `experiments/api/v1/experiment_edit`
INFO: 2020-02-28T16:29:58.565Z Tianyi Miao(250) successfully UPDATE 24 project from `nci_projects` table
INFO: 2020-02-28T16:29:58.573Z Tianyi Miao(250) GET `/api/v1/experiments/13`
INFO: 2020-02-28T16:30:00.796Z Tianyi Miao(250) GET `/api/v1/imaging_participants/24`
INFO: 2020-02-28T16:30:00.799Z Tianyi Miao(250) GET `/api/v1/experiment_doc/24`
INFO: 2020-02-28T16:30:05.265Z Tianyi Miao(250) PUT `experiments/api/v1/experiment_edit`
INFO: 2020-02-28T16:30:05.293Z Tianyi Miao(250) successfully UPDATE 1502 project from `nci_projects` table
INFO: 2020-02-28T16:30:05.300Z Tianyi Miao(250) GET `/api/v1/experiments/13`
INFO: 2020-02-28T16:30:06.905Z Tianyi Miao(250) GET `/api/v1/imaging_participants/1502`
INFO: 2020-02-28T16:30:06.906Z Tianyi Miao(250) GET `/api/v1/experiment_doc/1502`
INFO: 2020-02-28T16:30:10.482Z Tianyi Miao(250) PUT `experiments/api/v1/experiment_edit`
INFO: 2020-02-28T16:30:10.519Z Tianyi Miao(250) successfully UPDATE 1502 project from `nci_projects` table
INFO: 2020-02-28T16:30:10.528Z Tianyi Miao(250) GET `/api/v1/experiments/13`
INFO: 2020-02-28T16:30:14.283Z Tianyi Miao(250) PUT `experiments/api/v1/experiment_edit`
INFO: 2020-02-28T16:30:14.322Z Tianyi Miao(250) successfully UPDATE 1502 project from `nci_projects` table
INFO: 2020-02-28T16:30:14.329Z Tianyi Miao(250) GET `/api/v1/experiments/13`
INFO: 2020-02-28T16:30:19.597Z Tianyi Miao(250) PUT `experiments/api/v1/experiment_edit`
INFO: 2020-02-28T16:30:19.627Z Tianyi Miao(250) successfully UPDATE 1502 project from `nci_projects` table
INFO: 2020-02-28T16:30:19.634Z Tianyi Miao(250) GET `/api/v1/experiments/13`
WARN: 2020-02-28T16:30:21.316Z Tianyi Miao(250) DELETE `/api/v1/experiment_remove/1502`
INFO: 2020-02-28T16:30:21.353Z Tianyi Miao(250) successfully DELETE 1502 experiment from `imaging_experiments` table
INFO: 2020-02-28T16:30:21.363Z Tianyi Miao(250) GET `/api/v1/experiments/13`
INFO: 2020-02-28T16:33:43.178Z Tianyi Miao(250) GET `/api/v1/experiment_doc/24`
INFO: 2020-02-28T16:34:03.177Z Tianyi Miao(250) GET `/api/v1/imaging_participants/24`
INFO: 2020-02-28T16:34:20.537Z Tianyi Miao(250) GET `/api/v1/probes_overview`
INFO: 2020-02-28T16:34:20.538Z Tianyi Miao(250) GET `/api/v1/users_overview`
INFO: 2020-02-28T16:34:20.539Z Tianyi Miao(250) GET `/api/v1/protocols_overview`
INFO: 2020-02-28T16:34:24.355Z Tianyi Miao(250) GET `/api/v1/projects_overview`
INFO: 2020-02-28T16:34:42.182Z Tianyi Miao(250) PUT `projects/api/v1/project_edit`
INFO: 2020-02-28T16:34:42.320Z Tianyi Miao(250) successfully UPDATE 13 project from `nci_projects` table
INFO: 2020-02-28T16:34:42.356Z Tianyi Miao(250) GET `/api/v1/projects_overview`
INFO: 2020-02-28T16:34:52.081Z Tianyi Miao(250) POST `/api/v1/project_status`
INFO: 2020-02-28T16:34:52.111Z Tianyi Miao(250) successfully update status="A" WHERE id="13" in `nci_projects` table
INFO: 2020-02-28T16:35:08.293Z Tianyi Miao(250) PUT `projects/api/v1/project_edit`
INFO: 2020-02-28T16:35:08.363Z Tianyi Miao(250) successfully UPDATE 13 project from `nci_projects` table
INFO: 2020-02-28T16:35:08.407Z Tianyi Miao(250) GET `/api/v1/projects_overview`
INFO: 2020-02-28T16:35:20.293Z Tianyi Miao(250) POST `/api/v1/project_status`
INFO: 2020-02-28T16:35:20.320Z Tianyi Miao(250) successfully update status="I" WHERE id="14" in `nci_projects` table
INFO: 2020-02-28T16:35:22.657Z Tianyi Miao(250) POST `/api/v1/project_status`
INFO: 2020-02-28T16:35:22.690Z Tianyi Miao(250) successfully update status="A" WHERE id="14" in `nci_projects` table
INFO: 2020-02-28T16:36:35.225Z Tianyi Miao(250) GET `/api/v1/probes_overview`
INFO: 2020-02-28T16:36:35.226Z Tianyi Miao(250) GET `/api/v1/users_overview`
INFO: 2020-02-28T16:36:35.227Z Tianyi Miao(250) GET `/api/v1/protocols_overview`
INFO: 2020-02-28T16:37:10.122Z Tianyi Miao(250) GET `/api/v1/projects_overview`
INFO: 2020-02-28T16:37:13.040Z Tianyi Miao(250) POST `/api/v1/project_status`
INFO: 2020-02-28T16:37:13.074Z Tianyi Miao(250) successfully update status="I" WHERE id="13" in `nci_projects` table
INFO: 2020-02-28T16:38:11.675Z Tianyi Miao(250) GET `/api/v1/probes_overview`
INFO: 2020-02-28T16:38:11.677Z Tianyi Miao(250) GET `/api/v1/users_overview`
INFO: 2020-02-28T16:38:11.678Z Tianyi Miao(250) GET `/api/v1/protocols_overview`
INFO: 2020-02-28T16:38:12.725Z Tianyi Miao(250) GET `/api/v1/projects_overview`
INFO: 2020-02-28T16:39:42.561Z Tianyi Miao(250) GET `/api/v1/probes_overview`
INFO: 2020-02-28T16:39:42.562Z Tianyi Miao(250) GET `/api/v1/users_overview`
INFO: 2020-02-28T16:39:42.563Z Tianyi Miao(250) GET `/api/v1/protocols_overview`
INFO: 2020-02-28T16:39:43.130Z Tianyi Miao(250) GET `/api/v1/projects_overview`
INFO: 2020-02-28T16:40:23.791Z Tianyi Miao(250) POST `/api/v1/project_status`
INFO: 2020-02-28T16:40:23.821Z Tianyi Miao(250) successfully update status="I" WHERE id="14" in `nci_projects` table
INFO: 2020-02-28T16:40:26.387Z Tianyi Miao(250) POST `/api/v1/project_status`
INFO: 2020-02-28T16:40:26.425Z Tianyi Miao(250) successfully update status="A" WHERE id="14" in `nci_projects` table
INFO: 2020-02-28T16:41:47.300Z Tianyi Miao(250) POST `/api/v1/project_status`
INFO: 2020-02-28T16:41:47.329Z Tianyi Miao(250) successfully update status="I" WHERE id="14" in `nci_projects` table
INFO: 2020-02-28T16:42:02.795Z Tianyi Miao(250) POST `/api/v1/project_status`
INFO: 2020-02-28T16:42:02.829Z Tianyi Miao(250) successfully update status="A" WHERE id="14" in `nci_projects` table
INFO: 2020-02-28T16:45:11.286Z Tianyi Miao(250) GET `/api/v1/probes_overview`
INFO: 2020-02-28T16:45:11.289Z Tianyi Miao(250) GET `/api/v1/users_overview`
INFO: 2020-02-28T16:45:11.289Z Tianyi Miao(250) GET `/api/v1/protocols_overview`
INFO: 2020-02-28T16:45:12.497Z Tianyi Miao(250) GET `/api/v1/projects_overview`
INFO: 2020-02-28T16:45:14.829Z Tianyi Miao(250) POST `/api/v1/project_status`
INFO: 2020-02-28T16:45:14.860Z Tianyi Miao(250) successfully update status="I" WHERE id="14" in `nci_projects` table
INFO: 2020-02-28T16:45:39.000Z Tianyi Miao(250) GET `/api/v1/probes_overview`
INFO: 2020-02-28T16:45:39.002Z Tianyi Miao(250) GET `/api/v1/users_overview`
INFO: 2020-02-28T16:45:39.003Z Tianyi Miao(250) GET `/api/v1/protocols_overview`
INFO: 2020-02-28T16:45:40.261Z Tianyi Miao(250) GET `/api/v1/projects_overview`
INFO: 2020-02-28T16:45:42.274Z Tianyi Miao(250) POST `/api/v1/project_status`
INFO: 2020-02-28T16:45:42.375Z Tianyi Miao(250) successfully update status="I" WHERE id="15" in `nci_projects` table
INFO: 2020-02-28T16:45:50.709Z Tianyi Miao(250) POST `/api/v1/project_status`
INFO: 2020-02-28T16:45:50.739Z Tianyi Miao(250) successfully update status="A" WHERE id="15" in `nci_projects` table
INFO: 2020-02-28T16:47:34.998Z Tianyi Miao(250) GET `/api/v1/probes_overview`
INFO: 2020-02-28T16:47:34.999Z Tianyi Miao(250) GET `/api/v1/users_overview`
INFO: 2020-02-28T16:47:34.999Z Tianyi Miao(250) GET `/api/v1/protocols_overview`
INFO: 2020-02-28T16:47:35.017Z 250 Login
INFO: 2020-02-28T16:47:36.366Z Tianyi Miao(250) GET `/api/v1/projects_overview`
INFO: 2020-02-28T16:47:38.485Z Tianyi Miao(250) POST `/api/v1/project_status`
INFO: 2020-02-28T16:47:38.516Z Tianyi Miao(250) successfully update status="I" WHERE id="15" in `nci_projects` table
INFO: 2020-02-28T16:47:42.243Z Tianyi Miao(250) POST `/api/v1/project_status`
INFO: 2020-02-28T16:47:42.515Z Tianyi Miao(250) successfully update status="A" WHERE id="15" in `nci_projects` table
INFO: 2020-02-28T16:49:01.591Z Tianyi Miao(250) GET `/api/v1/probes_overview`
INFO: 2020-02-28T16:49:01.592Z Tianyi Miao(250) GET `/api/v1/users_overview`
INFO: 2020-02-28T16:49:01.593Z Tianyi Miao(250) GET `/api/v1/protocols_overview`
INFO: 2020-02-28T16:49:07.956Z Tianyi Miao(250) GET `/api/v1/projects_overview`
INFO: 2020-02-28T16:49:10.275Z Tianyi Miao(250) POST `/api/v1/project_status`
INFO: 2020-02-28T16:49:10.305Z Tianyi Miao(250) successfully update status="I" WHERE id="15" in `nci_projects` table
INFO: 2020-02-28T16:49:11.011Z Tianyi Miao(250) GET `/api/v1/project/15`
INFO: 2020-02-28T16:49:11.012Z Tianyi Miao(250) GET `/api/v1/experiments/15`
INFO: 2020-02-28T16:49:11.013Z Tianyi Miao(250) GET `/api/v1/project_users/15`
INFO: 2020-02-28T16:49:12.148Z Tianyi Miao(250) GET `/api/v1/projects_overview`
INFO: 2020-02-28T16:49:19.175Z Tianyi Miao(250) POST `/api/v1/project_status`
INFO: 2020-02-28T16:49:19.203Z Tianyi Miao(250) successfully update status="A" WHERE id="14" in `nci_projects` table
INFO: 2020-02-28T16:49:20.270Z Tianyi Miao(250) POST `/api/v1/project_status`
INFO: 2020-02-28T16:49:20.295Z Tianyi Miao(250) successfully update status="A" WHERE id="15" in `nci_projects` table
INFO: 2020-02-28T16:49:21.596Z Tianyi Miao(250) POST `/api/v1/project_status`
INFO: 2020-02-28T16:49:21.622Z Tianyi Miao(250) successfully update status="A" WHERE id="13" in `nci_projects` table
INFO: 2020-02-28T16:49:27.718Z Tianyi Miao(250) PUT `projects/api/v1/project_edit`
INFO: 2020-02-28T16:49:27.801Z Tianyi Miao(250) successfully UPDATE 13 project from `nci_projects` table
INFO: 2020-02-28T16:49:27.843Z Tianyi Miao(250) GET `/api/v1/projects_overview`
INFO: 2020-02-28T16:49:47.322Z Tianyi Miao(250) PUT `projects/api/v1/project_edit`
INFO: 2020-02-28T16:49:47.415Z Tianyi Miao(250) successfully UPDATE 13 project from `nci_projects` table
INFO: 2020-02-28T16:49:48.422Z Tianyi Miao(250) PUT `projects/api/v1/project_edit`
INFO: 2020-02-28T16:49:48.507Z Tianyi Miao(250) successfully UPDATE 13 project from `nci_projects` table
INFO: 2020-02-28T16:49:49.045Z Tianyi Miao(250) PUT `projects/api/v1/project_edit`
INFO: 2020-02-28T16:49:49.145Z Tianyi Miao(250) successfully UPDATE 13 project from `nci_projects` table
INFO: 2020-02-28T16:49:59.347Z Tianyi Miao(250) GET `/api/v1/projects_overview`
INFO: 2020-02-28T16:49:59.387Z Tianyi Miao(250) GET `/api/v1/projects_overview`
INFO: 2020-02-28T16:49:59.409Z Tianyi Miao(250) GET `/api/v1/projects_overview`
INFO: 2020-02-28T16:50:11.404Z Tianyi Miao(250) PUT `projects/api/v1/project_edit`
INFO: 2020-02-28T16:50:11.489Z Tianyi Miao(250) successfully UPDATE 13 project from `nci_projects` table
INFO: 2020-02-28T16:50:11.524Z Tianyi Miao(250) GET `/api/v1/projects_overview`
INFO: 2020-02-28T16:50:21.343Z Tianyi Miao(250) POST `/api/v1/project_status`
INFO: 2020-02-28T16:50:21.376Z Tianyi Miao(250) successfully update status="I" WHERE id="13" in `nci_projects` table
INFO: 2020-02-28T16:50:26.696Z Tianyi Miao(250) GET `/api/v1/project/13`
INFO: 2020-02-28T16:50:26.697Z Tianyi Miao(250) GET `/api/v1/experiments/13`
INFO: 2020-02-28T16:50:26.698Z Tianyi Miao(250) GET `/api/v1/project_users/13`
INFO: 2020-02-28T16:50:27.820Z Tianyi Miao(250) GET `/api/v1/projects_overview`
INFO: 2020-02-28T16:50:39.069Z Tianyi Miao(250) PUT `projects/api/v1/project_edit`
INFO: 2020-02-28T16:50:39.146Z Tianyi Miao(250) successfully UPDATE 13 project from `nci_projects` table
INFO: 2020-02-28T16:50:39.180Z Tianyi Miao(250) GET `/api/v1/projects_overview`
INFO: 2020-02-28T16:50:45.359Z Tianyi Miao(250) PUT `projects/api/v1/project_edit`
INFO: 2020-02-28T16:50:45.485Z Tianyi Miao(250) successfully UPDATE 13 project from `nci_projects` table
INFO: 2020-02-28T16:50:45.517Z Tianyi Miao(250) GET `/api/v1/projects_overview`
INFO: 2020-02-28T16:50:56.841Z Tianyi Miao(250) GET `/api/v1/project/13`
INFO: 2020-02-28T16:50:56.843Z Tianyi Miao(250) GET `/api/v1/experiments/13`
INFO: 2020-02-28T16:50:56.843Z Tianyi Miao(250) GET `/api/v1/project_users/13`
INFO: 2020-02-28T16:50:57.868Z Tianyi Miao(250) GET `/api/v1/projects_overview`
INFO: 2020-02-28T16:51:01.558Z Tianyi Miao(250) PUT `projects/api/v1/project_edit`
INFO: 2020-02-28T16:51:01.648Z Tianyi Miao(250) successfully UPDATE 13 project from `nci_projects` table
INFO: 2020-02-28T16:51:01.682Z Tianyi Miao(250) GET `/api/v1/projects_overview`
INFO: 2020-02-28T16:51:10.085Z Tianyi Miao(250) POST `/api/v1/project_add`
INFO: 2020-02-28T16:51:10.113Z Tianyi Miao(250) successfully insert 507 row in `nci_projects` table
INFO: 2020-02-28T16:51:10.137Z Tianyi Miao(250) successfully insert 543 row in `nci_protocols` table
INFO: 2020-02-28T16:51:10.155Z Tianyi Miao(250) successfully insert 1950 row in `nci_project_users` table
INFO: 2020-02-28T16:51:10.157Z Tianyi Miao(250) GET `/api/v1/projects_overview`
INFO: 2020-02-28T16:51:17.251Z Tianyi Miao(250) PUT `projects/api/v1/project_edit`
INFO: 2020-02-28T16:51:17.328Z Tianyi Miao(250) successfully UPDATE 13 project from `nci_projects` table
INFO: 2020-02-28T16:51:17.357Z Tianyi Miao(250) GET `/api/v1/projects_overview`
INFO: 2020-02-28T16:51:46.583Z Tianyi Miao(250) GET `/api/v1/projects_overview`
INFO: 2020-02-28T16:51:54.584Z Tianyi Miao(250) PUT `projects/api/v1/project_edit`
INFO: 2020-02-28T16:51:54.694Z Tianyi Miao(250) successfully UPDATE 13 project from `nci_projects` table
INFO: 2020-02-28T16:51:54.730Z Tianyi Miao(250) GET `/api/v1/projects_overview`
INFO: 2020-02-28T16:51:59.463Z Tianyi Miao(250) PUT `projects/api/v1/project_edit`
INFO: 2020-02-28T16:51:59.555Z Tianyi Miao(250) successfully UPDATE 13 project from `nci_projects` table
INFO: 2020-02-28T16:51:59.588Z Tianyi Miao(250) GET `/api/v1/projects_overview`
INFO: 2020-02-28T19:26:53.858Z Tianyi Miao(250) GET `/api/v1/probes_overview`
INFO: 2020-02-28T19:26:53.860Z Tianyi Miao(250) GET `/api/v1/users_overview`
INFO: 2020-02-28T19:26:53.861Z Tianyi Miao(250) GET `/api/v1/protocols_overview`
INFO: 2020-02-28T19:26:53.885Z 250 Login
INFO: 2020-02-28T19:27:32.460Z Tianyi Miao(250) GET `/api/v1/probes_overview`
INFO: 2020-02-28T19:27:33.973Z Tianyi Miao(250) GET `/api/v1/probes_overview`
INFO: 2020-02-28T19:27:34.077Z Tianyi Miao(250) GET `/api/v1/projects_overview`
INFO: 2020-02-28T19:27:35.416Z Tianyi Miao(250) GET `/api/v1/project/289`
INFO: 2020-02-28T19:27:35.418Z Tianyi Miao(250) GET `/api/v1/experiments/289`
INFO: 2020-02-28T19:27:35.418Z Tianyi Miao(250) GET `/api/v1/project_users/289`
INFO: 2020-02-28T19:27:37.205Z Tianyi Miao(250) GET `/api/v1/imaging_participants/718`
INFO: 2020-02-28T19:27:37.206Z Tianyi Miao(250) GET `/api/v1/experiment_doc/718`
INFO: 2020-02-28T19:27:38.125Z Tianyi Miao(250) GET `/api/v1/imaging_participants/714`
INFO: 2020-02-28T19:27:38.128Z Tianyi Miao(250) GET `/api/v1/experiment_doc/714`
INFO: 2020-02-28T19:27:39.140Z Tianyi Miao(250) GET `/api/v1/projects_overview`
INFO: 2020-02-28T19:27:45.656Z Tianyi Miao(250) GET `/api/v1/probes_overview`
INFO: 2020-02-28T19:27:45.658Z Tianyi Miao(250) GET `/api/v1/users_overview`
INFO: 2020-02-28T19:27:45.658Z Tianyi Miao(250) GET `/api/v1/protocols_overview`
INFO: 2020-02-28T19:27:47.199Z Tianyi Miao(250) GET `/api/v1/probes_overview`
INFO: 2020-02-28T19:27:47.201Z Tianyi Miao(250) GET `/api/v1/users_overview`
INFO: 2020-02-28T19:27:47.201Z Tianyi Miao(250) GET `/api/v1/protocols_overview`
INFO: 2020-02-28T19:37:49.838Z Tianyi Miao(250) GET `/api/v1/projects_overview`
INFO: 2020-02-28T19:50:11.545Z Tianyi Miao(250) GET `/api/v1/probes_overview`
INFO: 2020-02-28T19:50:11.551Z Tianyi Miao(250) GET `/api/v1/protocols_overview`
INFO: 2020-02-28T19:50:11.552Z Tianyi Miao(250) GET `/api/v1/users_overview`
INFO: 2020-02-28T19:50:13.288Z Tianyi Miao(250) GET `/api/v1/probes_overview`
INFO: 2020-02-28T19:50:13.289Z Tianyi Miao(250) GET `/api/v1/users_overview`
INFO: 2020-02-28T19:50:13.290Z Tianyi Miao(250) GET `/api/v1/protocols_overview`
INFO: 2020-02-28T19:50:42.177Z Tianyi Miao(250) GET `/api/v1/probes_overview`
INFO: 2020-02-28T19:50:42.179Z Tianyi Miao(250) GET `/api/v1/users_overview`
INFO: 2020-02-28T19:50:42.179Z Tianyi Miao(250) GET `/api/v1/protocols_overview`
INFO: 2020-02-28T19:50:43.239Z Tianyi Miao(250) GET `/api/v1/probes_overview`
INFO: 2020-02-28T19:50:43.240Z Tianyi Miao(250) GET `/api/v1/users_overview`
INFO: 2020-02-28T19:50:43.241Z Tianyi Miao(250) GET `/api/v1/protocols_overview`
INFO: 2020-02-28T19:50:53.174Z Tianyi Miao(250) GET `/api/v1/probes_overview`
INFO: 2020-02-28T19:50:53.175Z Tianyi Miao(250) GET `/api/v1/users_overview`
INFO: 2020-02-28T19:50:53.176Z Tianyi Miao(250) GET `/api/v1/protocols_overview`
INFO: 2020-02-28T19:50:54.283Z Tianyi Miao(250) GET `/api/v1/probes_overview`
INFO: 2020-02-28T19:50:54.283Z Tianyi Miao(250) GET `/api/v1/users_overview`
INFO: 2020-02-28T19:50:54.284Z Tianyi Miao(250) GET `/api/v1/protocols_overview`
INFO: 2020-02-28T19:51:06.323Z Tianyi Miao(250) GET `/api/v1/probes_overview`
INFO: 2020-02-28T19:51:06.325Z Tianyi Miao(250) GET `/api/v1/users_overview`
INFO: 2020-02-28T19:51:06.326Z Tianyi Miao(250) GET `/api/v1/protocols_overview`
INFO: 2020-02-28T19:51:08.055Z Tianyi Miao(250) GET `/api/v1/probes_overview`
INFO: 2020-02-28T19:51:08.056Z Tianyi Miao(250) GET `/api/v1/users_overview`
INFO: 2020-02-28T19:51:08.057Z Tianyi Miao(250) GET `/api/v1/protocols_overview`
INFO: 2020-02-28T19:52:00.760Z Tianyi Miao(250) GET `/api/v1/probes_overview`
INFO: 2020-02-28T19:52:00.763Z Tianyi Miao(250) GET `/api/v1/users_overview`
INFO: 2020-02-28T19:52:00.764Z Tianyi Miao(250) GET `/api/v1/protocols_overview`
INFO: 2020-02-28T19:52:02.297Z Tianyi Miao(250) GET `/api/v1/probes_overview`
INFO: 2020-02-28T19:52:02.300Z Tianyi Miao(250) GET `/api/v1/users_overview`
INFO: 2020-02-28T19:52:02.301Z Tianyi Miao(250) GET `/api/v1/protocols_overview`
INFO: 2020-02-28T19:52:24.017Z Tianyi Miao(250) GET `/api/v1/probes_overview`
INFO: 2020-02-28T19:52:24.020Z Tianyi Miao(250) GET `/api/v1/users_overview`
INFO: 2020-02-28T19:52:24.021Z Tianyi Miao(250) GET `/api/v1/protocols_overview`
INFO: 2020-02-28T19:52:25.236Z Tianyi Miao(250) GET `/api/v1/probes_overview`
INFO: 2020-02-28T19:52:25.237Z Tianyi Miao(250) GET `/api/v1/users_overview`
INFO: 2020-02-28T19:52:25.237Z Tianyi Miao(250) GET `/api/v1/protocols_overview`
INFO: 2020-02-28T19:52:28.567Z Tianyi Miao(250) GET `/api/v1/probes_overview`
INFO: 2020-02-28T19:52:28.568Z Tianyi Miao(250) GET `/api/v1/users_overview`
INFO: 2020-02-28T19:52:28.569Z Tianyi Miao(250) GET `/api/v1/protocols_overview`
INFO: 2020-02-28T19:52:30.290Z Tianyi Miao(250) GET `/api/v1/probes_overview`
INFO: 2020-02-28T19:52:30.292Z Tianyi Miao(250) GET `/api/v1/users_overview`
INFO: 2020-02-28T19:52:30.292Z Tianyi Miao(250) GET `/api/v1/protocols_overview`
INFO: 2020-02-28T19:53:20.657Z Tianyi Miao(250) GET `/api/v1/probes_overview`
INFO: 2020-02-28T19:53:20.658Z Tianyi Miao(250) GET `/api/v1/users_overview`
INFO: 2020-02-28T19:53:20.659Z Tianyi Miao(250) GET `/api/v1/protocols_overview`
INFO: 2020-02-28T19:53:22.142Z Tianyi Miao(250) GET `/api/v1/probes_overview`
INFO: 2020-02-28T19:53:22.143Z Tianyi Miao(250) GET `/api/v1/users_overview`
INFO: 2020-02-28T19:53:22.143Z Tianyi Miao(250) GET `/api/v1/protocols_overview`
INFO: 2020-02-28T19:53:53.573Z Tianyi Miao(250) GET `/api/v1/probes_overview`
INFO: 2020-02-28T19:53:53.574Z Tianyi Miao(250) GET `/api/v1/users_overview`
INFO: 2020-02-28T19:53:53.575Z Tianyi Miao(250) GET `/api/v1/protocols_overview`
INFO: 2020-02-28T19:53:55.129Z Tianyi Miao(250) GET `/api/v1/probes_overview`
INFO: 2020-02-28T19:53:55.130Z Tianyi Miao(250) GET `/api/v1/users_overview`
INFO: 2020-02-28T19:53:55.131Z Tianyi Miao(250) GET `/api/v1/protocols_overview`
INFO: 2020-02-28T19:54:55.862Z Tianyi Miao(250) GET `/api/v1/probes_overview`
INFO: 2020-02-28T19:54:55.863Z Tianyi Miao(250) GET `/api/v1/users_overview`
INFO: 2020-02-28T19:54:55.863Z Tianyi Miao(250) GET `/api/v1/protocols_overview`
INFO: 2020-02-28T19:54:57.233Z Tianyi Miao(250) GET `/api/v1/probes_overview`
INFO: 2020-02-28T19:54:57.234Z Tianyi Miao(250) GET `/api/v1/users_overview`
INFO: 2020-02-28T19:54:57.234Z Tianyi Miao(250) GET `/api/v1/protocols_overview`
INFO: 2020-02-28T19:56:32.657Z Tianyi Miao(250) GET `/api/v1/probes_overview`
INFO: 2020-02-28T19:56:32.658Z Tianyi Miao(250) GET `/api/v1/users_overview`
INFO: 2020-02-28T19:56:32.660Z Tianyi Miao(250) GET `/api/v1/protocols_overview`
INFO: 2020-02-28T19:56:34.031Z Tianyi Miao(250) GET `/api/v1/probes_overview`
INFO: 2020-02-28T19:56:34.032Z Tianyi Miao(250) GET `/api/v1/users_overview`
INFO: 2020-02-28T19:56:34.033Z Tianyi Miao(250) GET `/api/v1/protocols_overview`
INFO: 2020-02-28T19:57:39.508Z Tianyi Miao(250) GET `/api/v1/probes_overview`
INFO: 2020-02-28T19:57:39.509Z Tianyi Miao(250) GET `/api/v1/users_overview`
INFO: 2020-02-28T19:57:39.510Z Tianyi Miao(250) GET `/api/v1/protocols_overview`
INFO: 2020-02-28T19:57:41.025Z Tianyi Miao(250) GET `/api/v1/probes_overview`
INFO: 2020-02-28T19:57:41.026Z Tianyi Miao(250) GET `/api/v1/users_overview`
INFO: 2020-02-28T19:57:41.026Z Tianyi Miao(250) GET `/api/v1/protocols_overview`
INFO: 2020-02-28T19:57:41.139Z Tianyi Miao(250) GET `/api/v1/projects_overview`
INFO: 2020-02-28T20:11:05.147Z Tianyi Miao(250) GET `/api/v1/probes_overview`
INFO: 2020-02-28T20:11:05.150Z Tianyi Miao(250) GET `/api/v1/users_overview`
INFO: 2020-02-28T20:11:05.150Z Tianyi Miao(250) GET `/api/v1/protocols_overview`
INFO: 2020-02-28T20:11:05.179Z Tianyi Miao(250) GET `/api/v1/probes_overview`
INFO: 2020-02-28T20:11:05.181Z Tianyi Miao(250) GET `/api/v1/users_overview`
INFO: 2020-02-28T20:11:05.182Z Tianyi Miao(250) GET `/api/v1/protocols_overview`
INFO: 2020-02-28T21:06:37.218Z Tianyi Miao(250) GET `/api/v1/probes_overview`
INFO: 2020-02-28T21:06:37.222Z Tianyi Miao(250) GET `/api/v1/users_overview`
INFO: 2020-02-28T21:06:37.222Z Tianyi Miao(250) GET `/api/v1/protocols_overview`
INFO: 2020-02-28T21:06:37.231Z Tianyi Miao(250) GET `/api/v1/probes_overview`
INFO: 2020-02-28T21:06:37.239Z Tianyi Miao(250) GET `/api/v1/users_overview`
INFO: 2020-02-28T21:06:37.239Z Tianyi Miao(250) GET `/api/v1/protocols_overview`
INFO: 2020-02-28T21:12:22.254Z Tianyi Miao(250) GET `/api/v1/probes_overview`
INFO: 2020-02-28T21:12:22.256Z Tianyi Miao(250) GET `/api/v1/users_overview`
INFO: 2020-02-28T21:12:22.257Z Tianyi Miao(250) GET `/api/v1/protocols_overview`
INFO: 2020-02-28T21:13:13.099Z Tianyi Miao(250) GET `/api/v1/probes_overview`
INFO: 2020-02-28T21:13:13.102Z Tianyi Miao(250) GET `/api/v1/users_overview`
INFO: 2020-02-28T21:13:13.103Z Tianyi Miao(250) GET `/api/v1/protocols_overview`
INFO: 2020-02-28T21:13:14.060Z Tianyi Miao(250) GET `/api/v1/probes_overview`
INFO: 2020-02-28T21:13:14.061Z Tianyi Miao(250) GET `/api/v1/users_overview`
INFO: 2020-02-28T21:13:14.062Z Tianyi Miao(250) GET `/api/v1/protocols_overview`
INFO: 2020-02-28T21:13:29.335Z Tianyi Miao(250) GET `/api/v1/probes_overview`
INFO: 2020-02-28T21:13:29.337Z Tianyi Miao(250) GET `/api/v1/users_overview`
INFO: 2020-02-28T21:13:29.337Z Tianyi Miao(250) GET `/api/v1/protocols_overview`
INFO: 2020-02-28T21:13:29.361Z Tianyi Miao(250) GET `/api/v1/probes_overview`
INFO: 2020-02-28T21:13:29.362Z Tianyi Miao(250) GET `/api/v1/users_overview`
INFO: 2020-02-28T21:13:29.364Z Tianyi Miao(250) GET `/api/v1/protocols_overview`
