INFO: 2019-09-17T15:38:54.125Z Tianyi Miao(250) GET `/api/v1/probes_overview`
INFO: 2019-09-17T15:38:54.131Z Tianyi Miao(250) GET `/api/v1/users_overview`
INFO: 2019-09-17T15:38:54.132Z Tianyi Miao(250) GET `/api/v1/protocols_overview`
INFO: 2019-09-17T15:38:54.177Z 250 Login
INFO: 2019-09-17T15:39:54.583Z Tianyi Miao(250) GET `/api/v1/probes_overview`
INFO: 2019-09-17T15:39:54.587Z Tianyi Miao(250) GET `/api/v1/users_overview`
INFO: 2019-09-17T15:39:54.588Z Tianyi Miao(250) GET `/api/v1/protocols_overview`
INFO: 2019-09-17T15:55:27.229Z Tianyi Miao(250) GET `/api/v1/probes_overview`
INFO: 2019-09-17T15:55:27.232Z Tianyi Miao(250) GET `/api/v1/users_overview`
INFO: 2019-09-17T15:55:27.233Z Tianyi Miao(250) GET `/api/v1/protocols_overview`
INFO: 2019-09-17T16:04:36.976Z Tianyi Miao(250) GET `/api/v1/probes_overview`
INFO: 2019-09-17T16:04:36.979Z Tianyi Miao(250) GET `/api/v1/users_overview`
INFO: 2019-09-17T16:04:36.981Z Tianyi Miao(250) GET `/api/v1/protocols_overview`
INFO: 2019-09-17T16:04:38.758Z Tianyi Miao(250) GET `/api/v1/projects_overview`
INFO: 2019-09-17T16:04:40.714Z Tianyi Miao(250) GET `/api/v1/project/13`
INFO: 2019-09-17T16:04:40.715Z Tianyi Miao(250) GET `/api/v1/experiments/13`
INFO: 2019-09-17T16:04:40.717Z Tianyi Miao(250) GET `/api/v1/project_users/13`
INFO: 2019-09-17T16:04:41.899Z Tianyi Miao(250) GET `/api/v1/imaging_participants/23`
INFO: 2019-09-17T16:04:41.901Z Tianyi Miao(250) GET `/api/v1/experiment_doc/23`
INFO: 2019-09-17T16:04:42.539Z Tianyi Miao(250) GET `/api/v1/imaging_participants/24`
INFO: 2019-09-17T16:04:42.541Z Tianyi Miao(250) GET `/api/v1/experiment_doc/24`
INFO: 2019-09-17T16:04:47.463Z Tianyi Miao(250) GET `/api/v1/projects_overview`
INFO: 2019-09-17T16:05:14.700Z Tianyi Miao(250) GET `/api/v1/projects_overview`
INFO: 2019-09-17T16:05:48.158Z Tianyi Miao(250) GET `/api/v1/mappingAll`
INFO: 2019-09-17T16:05:48.159Z Tianyi Miao(250) GET `/api/v1/mapping`
INFO: 2019-09-17T16:05:48.161Z Tianyi Miao(250) GET `/api/v1/projects_overview`
INFO: 2019-09-17T16:05:48.431Z Tianyi Miao(250) GET `/api/v1/experiments/13`
INFO: 2019-09-17T16:05:48.457Z Tianyi Miao(250) GET `/api/v1/imaging_participants/24`
INFO: 2019-09-17T16:06:27.547Z Tianyi Miao(250) GET `/api/v1/users_overview`
INFO: 2019-09-17T16:07:08.362Z Tianyi Miao(250) GET `/api/v1/protocol_groups`
INFO: 2019-09-17T16:07:09.554Z Tianyi Miao(250) GET `/api/v1/probes_overview`
INFO: 2019-09-17T16:07:09.562Z Tianyi Miao(250) GET `/api/v1/probes_overview`
INFO: 2019-09-17T16:07:10.371Z Tianyi Miao(250) GET `/api/v1/statistics_overview`
INFO: 2019-09-17T16:07:34.814Z Tianyi Miao(250) GET `/api/v1/projects_overview`
