INFO: 2019-05-17T14:55:21.244Z 250 Login
INFO: 2019-05-17T14:55:21.340Z Tianyi Miao(250) GET `/api/v1/users_overview`
INFO: 2019-05-17T14:55:23.801Z Tianyi Miao(250) GET `/api/v1/projects_overview`
INFO: 2019-05-17T14:55:26.061Z Tianyi Miao(250) GET `/api/v1/project/504`
INFO: 2019-05-17T14:55:26.066Z Tianyi Miao(250) GET `/api/v1/experiments/504`
INFO: 2019-05-17T14:55:26.067Z Tianyi Miao(250) GET `/api/v1/project_users/504`
INFO: 2019-05-17T14:55:27.650Z Tianyi Miao(250) GET `/api/v1/imaging_participants/1492`
INFO: 2019-05-17T14:55:27.656Z Tianyi Miao(250) GET `/api/v1/experiment_doc/1492`
WARN: 2019-05-17T14:55:37.079Z Tianyi Miao(250) POST `/api/v1/experiment_doc/upload`
WARN: 2019-05-17T14:55:37.091Z Tianyi Miao(250) successfully Upload a experiment with a file document
INFO: 2019-05-17T14:55:37.112Z Tianyi Miao(250) GET `/api/v1/experiment_doc/1492`
INFO: 2019-05-17T14:59:44.555Z Tianyi Miao(250) GET `/api/v1/probes_overview`
INFO: 2019-05-17T14:59:44.594Z Tianyi Miao(250) GET `/api/v1/probes_overview`
INFO: 2019-05-17T14:59:49.043Z Tianyi Miao(250) GET `/api/v1/protocol_groups`
INFO: 2019-05-17T14:59:51.738Z Tianyi Miao(250) GET `/api/v1/protocol1`
INFO: 2019-05-17T15:00:36.736Z Tianyi Miao(250) GET `/api/v1/project_protocol1`
INFO: 2019-05-17T15:01:22.320Z Tianyi Miao(250) GET `/api/v1/protocol_groups`
INFO: 2019-05-17T15:01:26.257Z Tianyi Miao(250) GET `/api/v1/protocol/6`
INFO: 2019-05-17T15:01:32.940Z Tianyi Miao(250) GET `/api/v1/statistics_overview`
INFO: 2019-05-17T15:02:46.268Z Tianyi Miao(250) GET `/api/v1/projects_overview`
INFO: 2019-05-17T15:02:47.699Z Tianyi Miao(250) GET `/api/v1/project/13`
INFO: 2019-05-17T15:02:47.701Z Tianyi Miao(250) GET `/api/v1/experiments/13`
INFO: 2019-05-17T15:02:47.704Z Tianyi Miao(250) GET `/api/v1/project_users/13`
INFO: 2019-05-17T15:02:49.496Z Tianyi Miao(250) GET `/api/v1/imaging_participants/24`
INFO: 2019-05-17T15:02:49.498Z Tianyi Miao(250) GET `/api/v1/experiment_doc/24`
INFO: 2019-05-17T15:10:47.131Z Tianyi Miao(250) GET `/api/v1/probes_overview`
INFO: 2019-05-17T15:10:47.148Z Tianyi Miao(250) GET `/api/v1/users_overview`
INFO: 2019-05-17T15:10:47.169Z Tianyi Miao(250) GET `/api/v1/protocols_overview`
INFO: 2019-05-17T15:10:47.851Z Tianyi Miao(250) GET `/api/v1/projects_overview`
INFO: 2019-05-17T15:10:49.902Z Tianyi Miao(250) GET `/api/v1/project/504`
INFO: 2019-05-17T15:10:49.906Z Tianyi Miao(250) GET `/api/v1/project_users/504`
INFO: 2019-05-17T15:10:49.907Z Tianyi Miao(250) GET `/api/v1/experiments/504`
INFO: 2019-05-17T15:10:51.662Z Tianyi Miao(250) GET `/api/v1/projects_overview`
INFO: 2019-05-17T15:10:52.693Z Tianyi Miao(250) GET `/api/v1/project/13`
INFO: 2019-05-17T15:10:52.696Z Tianyi Miao(250) GET `/api/v1/experiments/13`
INFO: 2019-05-17T15:10:52.697Z Tianyi Miao(250) GET `/api/v1/project_users/13`
INFO: 2019-05-17T15:10:53.688Z Tianyi Miao(250) GET `/api/v1/imaging_participants/24`
INFO: 2019-05-17T15:10:53.691Z Tianyi Miao(250) GET `/api/v1/experiment_doc/24`
INFO: 2019-05-17T15:18:23.196Z Tianyi Miao(250) WebSocket `/api/v1/study_download` study: G4-NHS-4cRGD-Cy5.5inac
INFO: 2019-05-17T15:19:19.272Z Tianyi Miao(250) WebSocket `/api/v1/study_download` study: AB-G4-NHS-Cy5in-4cRGD, 50 uL 12mM
INFO: 2019-05-17T15:33:08.401Z Tianyi Miao(250) GET `/api/v1/projects_overview`
INFO: 2019-05-17T15:33:13.671Z Tianyi Miao(250) GET `/api/v1/project/499`
INFO: 2019-05-17T15:33:13.676Z Tianyi Miao(250) GET `/api/v1/experiments/499`
INFO: 2019-05-17T15:33:13.680Z Tianyi Miao(250) GET `/api/v1/project_users/499`
INFO: 2019-05-17T15:33:14.911Z Tianyi Miao(250) GET `/api/v1/imaging_participants/1486`
INFO: 2019-05-17T15:33:14.913Z Tianyi Miao(250) GET `/api/v1/experiment_doc/1486`
INFO: 2019-05-17T15:33:17.136Z Tianyi Miao(250) WebSocket `/api/v1/study_download` study: ASP (16-008-M6)-Pancreatic Cancer
INFO: 2019-05-17T15:35:09.057Z Tianyi Miao(250) GET `/api/v1/projects_overview`
INFO: 2019-05-17T15:35:13.023Z Tianyi Miao(250) GET `/api/v1/project/16`
INFO: 2019-05-17T15:35:13.025Z Tianyi Miao(250) GET `/api/v1/experiments/16`
INFO: 2019-05-17T15:35:13.028Z Tianyi Miao(250) GET `/api/v1/project_users/16`
INFO: 2019-05-17T15:35:15.836Z Tianyi Miao(250) GET `/api/v1/imaging_participants/27`
INFO: 2019-05-17T15:35:15.837Z Tianyi Miao(250) GET `/api/v1/experiment_doc/27`
INFO: 2019-05-17T15:35:17.400Z Tianyi Miao(250) WebSocket `/api/v1/study_download` study: G4 relaxivities
INFO: 2019-05-17T15:35:18.094Z Tianyi Miao(250) successfully copy files from scippy image archive /mnt/scippy_images/00000106/00000185
INFO: 2019-05-17T15:35:19.087Z 250 Download an experiment
INFO: 2019-05-17T15:35:25.769Z Tianyi Miao(250) WebSocket `/api/v1/study_download` study: G4 relaxivities
INFO: 2019-05-17T15:35:25.773Z Tianyi Miao(250) WebSocket `/api/v1/study_download` study: G4 relaxivities
[STEP 1]: copy files from scippy image archive
INFO: 2019-05-17T15:35:25.911Z Tianyi Miao(250) successfully copy files from scippy image archive 
INFO: 2019-05-17T15:35:25.912Z Tianyi Miao(250) WebSocket `/api/v1/study_download` study: G4 relaxivities
[STEP 2]: change series folder name
INFO: 2019-05-17T15:35:26.194Z Tianyi Miao(250) successfully change all series folder name
INFO: 2019-05-17T15:35:26.196Z Tianyi Miao(250) WebSocket `/api/v1/study_download` study: G4 relaxivities
[STEP 3]: add .dcm extension
INFO: 2019-05-17T15:35:26.209Z Tianyi Miao(250) successfully add all .dcm extension
INFO: 2019-05-17T15:35:26.210Z Tianyi Miao(250) WebSocket `/api/v1/study_download` study: G4 relaxivities
[STEP 3]: zip study folder
INFO: 2019-05-17T15:35:27.184Z Tianyi Miao(250) successfully zip study folder to /Users/miaot2/html_learning/SAIP/SAIP_pro/Backend/node-postgres-todo/routes/miaot2@nih.gov/06CRrelax12.zip
INFO: 2019-05-17T15:35:27.313Z 250 Download an experiment
INFO: 2019-05-17T15:49:31.168Z Tianyi Miao(250) WebSocket `/api/v1/series_download` series: T2Map 1250
INFO: 2019-05-17T15:49:31.173Z Tianyi Miao(250) WebSocket `/api/v1/series_download` series: T2Map 1250
[STEP 1]: copy files from scippy image archive
INFO: 2019-05-17T15:49:31.210Z Tianyi Miao(250) successfully copy files from scippy image archive 
INFO: 2019-05-17T15:49:31.211Z Tianyi Miao(250) WebSocket `/api/v1/series_download` series: T2Map 1250
[STEP 2]: add .dcm extension
INFO: 2019-05-17T15:49:31.214Z Tianyi Miao(250) successfully add all .dcm extension
INFO: 2019-05-17T15:49:31.214Z Tianyi Miao(250) WebSocket `/api/v1/series_download` series: T2Map 1250
[STEP 3]: zip study folder
INFO: 2019-05-17T15:49:31.394Z Tianyi Miao(250) successfully zip series folder to /Users/miaot2/html_learning/SAIP/SAIP_pro/Backend/node-postgres-todo/routes/miaot2@nih.gov/T2Map 1250 MR.zip
INFO: 2019-05-17T15:49:31.474Z 250 Download an experiment
INFO: 2019-05-17T15:52:57.615Z Tianyi Miao(250) WebSocket `/api/v1/series_download` series: T2Map 1250
INFO: 2019-05-17T15:52:57.620Z Tianyi Miao(250) WebSocket `/api/v1/series_download` series: T2Map 1250
[STEP 1]: copy files from scippy image archive
INFO: 2019-05-17T15:52:57.641Z Tianyi Miao(250) successfully copy files from scippy image archive 
INFO: 2019-05-17T15:52:57.641Z Tianyi Miao(250) WebSocket `/api/v1/series_download` series: T2Map 1250
[STEP 2]: add .dcm extension
INFO: 2019-05-17T15:52:57.643Z Tianyi Miao(250) successfully add all .dcm extension
INFO: 2019-05-17T15:52:57.644Z Tianyi Miao(250) WebSocket `/api/v1/series_download` series: T2Map 1250
[STEP 3]: zip study folder
INFO: 2019-05-17T15:52:57.818Z Tianyi Miao(250) successfully zip series folder to /Users/miaot2/html_learning/SAIP/SAIP_pro/Backend/node-postgres-todo/routes/miaot2@nih.gov/T2Map 1250 MR.zip
INFO: 2019-05-17T15:52:57.835Z Tianyi Miao(250) GET `/api/v1/downloadZip` path: /Users/miaot2/html_learning/SAIP/SAIP_pro/Backend/node-postgres-todo/routes/miaot2@nih.gov/T2Map 1250 MR.zip
INFO: 2019-05-17T15:52:57.853Z Tianyi Miao(250) successfully download zip file path: /Users/miaot2/html_learning/SAIP/SAIP_pro/Backend/node-postgres-todo/routes/miaot2@nih.gov/T2Map 1250 MR.zip
INFO: 2019-05-17T15:52:57.908Z 250 Download an experiment
INFO: 2019-05-17T15:53:08.070Z Tianyi Miao(250) WebSocket `/api/v1/series_download` series: T2Map 1250
INFO: 2019-05-17T15:53:08.070Z Tianyi Miao(250) WebSocket `/api/v1/series_download` series: T2Map 1250
[STEP 1]: copy files from scippy image archive
INFO: 2019-05-17T15:53:08.077Z Tianyi Miao(250) successfully copy files from scippy image archive /mnt/scippy_images/00000106/00000185/00000780
INFO: 2019-05-17T15:53:08.077Z Tianyi Miao(250) WebSocket `/api/v1/series_download` series: T2Map 1250
[STEP 2]: add .dcm extension
INFO: 2019-05-17T15:53:08.078Z Tianyi Miao(250) successfully add all .dcm extension
INFO: 2019-05-17T15:53:08.078Z Tianyi Miao(250) WebSocket `/api/v1/series_download` series: T2Map 1250
[STEP 3]: zip study folder
INFO: 2019-05-17T15:53:08.163Z Tianyi Miao(250) successfully zip series folder to /Users/miaot2/html_learning/SAIP/SAIP_pro/Backend/node-postgres-todo/routes/miaot2@nih.gov/T2Map 1250 MR.zip
INFO: 2019-05-17T15:53:08.171Z Tianyi Miao(250) GET `/api/v1/downloadZip` path: /Users/miaot2/html_learning/SAIP/SAIP_pro/Backend/node-postgres-todo/routes/miaot2@nih.gov/T2Map 1250 MR.zip
INFO: 2019-05-17T15:53:08.175Z Tianyi Miao(250) successfully download zip file path: /Users/miaot2/html_learning/SAIP/SAIP_pro/Backend/node-postgres-todo/routes/miaot2@nih.gov/T2Map 1250 MR.zip
INFO: 2019-05-17T15:53:08.217Z 250 Download an experiment
WARN: 2019-05-17T16:27:52.359Z Tianyi Miao(250) DELETE `/api/v1/experiment_remove/27`
INFO: 2019-05-17T16:28:01.146Z Tianyi Miao(250) WebSocket `/api/v1/experiment_download` experiment: Relaxivty
INFO: 2019-05-17T16:28:01.147Z Tianyi Miao(250) WebSocket `/api/v1/experiment_download` experiment: Relaxivty
[PRE-STEP 1]: get all patients id
INFO: 2019-05-17T16:28:01.150Z Tianyi Miao(250) WebSocket `/api/v1/experiment_download` experiment: Relaxivty
[PRE-STEP 2]: get all patients related information
INFO: 2019-05-17T16:28:01.175Z Tianyi Miao(250) WebSocket `/api/v1/experiment_download` experiment: Relaxivty
[STEP 1]: copy files from scippy image archive
INFO: 2019-05-17T16:28:02.167Z Tianyi Miao(250) WebSocket `/api/v1/experiment_download` experiment: Relaxivty
[STEP 2]: change experiment/patients/studies/series folder name
INFO: 2019-05-17T16:28:02.977Z Tianyi Miao(250) successfully change all folders name
INFO: 2019-05-17T16:28:02.978Z Tianyi Miao(250) WebSocket `/api/v1/experiment_download` experiment: Relaxivty
[STEP 3]: add .dcm extension
INFO: 2019-05-17T16:28:03.009Z Tianyi Miao(250) successfully add all .dcm extension
INFO: 2019-05-17T16:28:03.009Z Tianyi Miao(250) WebSocket `/api/v1/experiment_download` experiment: Relaxivty
[STEP 4]: zip study folder
INFO: 2019-05-17T16:28:04.767Z Tianyi Miao(250) successfully zip experiment folder to /Users/miaot2/html_learning/SAIP/SAIP_pro/Backend/node-postgres-todo/routes/miaot2@nih.gov/Relaxivty.zip
INFO: 2019-05-17T16:28:04.853Z Tianyi Miao(250) GET `/api/v1/downloadZip` path: /Users/miaot2/html_learning/SAIP/SAIP_pro/Backend/node-postgres-todo/routes/miaot2@nih.gov/Relaxivty.zip
INFO: 2019-05-17T16:28:04.967Z Tianyi Miao(250) successfully download zip file path: /Users/miaot2/html_learning/SAIP/SAIP_pro/Backend/node-postgres-todo/routes/miaot2@nih.gov/Relaxivty.zip
INFO: 2019-05-17T16:28:05.016Z Record user(250) download an experiment
